#
# A fatal error has been detected by the Java Runtime Environment:
#
#  SIGSEGV (0xb) at pc=0x0000000000000000, pid=637, tid=139796013889280
#
# JRE version: OpenJDK Runtime Environment (7.0_65-b32) (build 1.7.0_65-b32)
# Java VM: OpenJDK 64-Bit Server VM (24.65-b04 mixed mode linux-amd64 compressed oops)
# Derivative: IcedTea 2.5.2
# Distribution: Custom build (Sat Aug 30 08:40:53 UTC 2014)
# Problematic frame:
# C  0x0000000000000000
#
# Failed to write core dump. Core dumps have been disabled. To enable core dumping, try "ulimit -c unlimited" before starting Java again
#
# If you would like to submit a bug report, please include
# instructions on how to reproduce the bug and visit:
#   http://icedtea.classpath.org/bugzilla
#

---------------  T H R E A D  ---------------

Current thread (0x00007f24e4074000):  VMThread [stack: 0x00007f24cbafb000,0x00007f24cbbfc000] [id=647]

siginfo:si_signo=SIGSEGV: si_errno=0, si_code=1 (SEGV_MAPERR), si_addr=0x0000000000000000

Registers:
RAX=0x0000000000000000, RBX=0x00007f24e43a6860, RCX=0xffffffffffffff90, RDX=0x0000000000000000
RSP=0x00007f24cbbfaa18, RBP=0x00007f2419db3700, RSI=0x0000000000001000, RDI=0x00007f24c4000000
R8 =0x0000000000020571, R9 =0x00007f24cbbfb700, R10=0x0000000000000000, R11=0x00007f24eb1116b0
R12=0x00007f24247daea0, R13=0x0000000000000000, R14=0x00007f24245fe800, R15=0x00007f2419b6dc40
RIP=0x0000000000000000, EFLAGS=0x0000000000010206, CSGSFS=0x0000000000000033, ERR=0x0000000000000014
  TRAPNO=0x000000000000000e

Top of Stack: (sp=0x00007f24cbbfaa18)
0x00007f24cbbfaa18:   00007f247f115fd5 00007f24cadbd120
0x00007f24cbbfaa28:   00007f24245d7978 00007f2419dacaf4
0x00007f24cbbfaa38:   00007f24247daea0 00007f24cbbfaaa0
0x00007f24cbbfaa48:   00007f2419dacae0 00007f24245fea00
0x00007f24cbbfaa58:   00007f24245fe800 00007f2419b6dc40
0x00007f24cbbfaa68:   00007f247f116059 00007f24245fe850
0x00007f24cbbfaa78:   00007f247fb85648 00007f2419d94700
0x00007f24cbbfaa88:   00007f2419dacb10 00007f2419d94750
0x00007f24cbbfaa98:   0000000000000000 00007f24cbbfaae0
0x00007f24cbbfaaa8:   00007f247fb82037 00007f24241aef80
0x00007f24cbbfaab8:   00007f2419d94700 00007f24241aef70
0x00007f24cbbfaac8:   00007f24241aef80 00007f24241aef00
0x00007f24cbbfaad8:   00007f2419b6dc40 00007f24cbbfab00
0x00007f24cbbfaae8:   00007f247fd206e1 00007f24241aef80
0x00007f24cbbfaaf8:   00007f2424422000 00007f24cbbfab40
0x00007f24cbbfab08:   00007f248084cde8 00007f24e40261f0
0x00007f24cbbfab18:   000000000000008f 0000000000000001
0x00007f24cbbfab28:   00007f24e44aa000 00007f24e40265c8
0x00007f24cbbfab38:   00007f24e40261f0 00007f24eb43c660
0x00007f24cbbfab48:   00007f24eb0ca882 00007f24cbbfab80
0x00007f24cbbfab58:   000000000000008f 00007f24cbbfaba0
0x00007f24cbbfab68:   00007f24e40261e0 00007f241993f7a0
0x00007f24cbbfab78:   00007f24eb0ca8d5 00007f24cbbfaba0
0x00007f24cbbfab88:   00007f24ea63d1e7 00007f24eae3f008
0x00007f24cbbfab98:   00007f24e40730f0 00007f24cbbfabf0
0x00007f24cbbfaba8:   00007f24ea9ca877 000000005431d1be
0x00007f24cbbfabb8:   00000000000003d8 00007f24eae5ac11
0x00007f24cbbfabc8:   00007f241993f7a0 00007f24e40261e0
0x00007f24cbbfabd8:   00007f24eae3f008 00007f24e40730f0
0x00007f24cbbfabe8:   00007f24e40265c8 00007f24cbbfad00
0x00007f24cbbfabf8:   00007f24ea9c8e6b 00007f24eae5ac11
0x00007f24cbbfac08:   00007f24cbbfac30 00007f24eae5ac11 

Instructions: (pc=0x0000000000000000)
0xffffffffffffffe0:   

Register to memory mapping:

RAX=0x0000000000000000 is an unknown value
RBX=0x00007f24e43a6860 is an unknown value
RCX=0xffffffffffffff90 is an unknown value
RDX=0x0000000000000000 is an unknown value
RSP=0x00007f24cbbfaa18 is an unknown value
RBP=0x00007f2419db3700 is an unknown value
RSI=0x0000000000001000 is an unknown value
RDI=0x00007f24c4000000 is an unknown value
R8 =0x0000000000020571 is an unknown value
R9 =0x00007f24cbbfb700 is an unknown value
R10=0x0000000000000000 is an unknown value
R11=0x00007f24eb1116b0: cfree+0 in /usr/lib/libc.so.6 at 0x00007f24eb094000
R12=0x00007f24247daea0 is an unknown value
R13=0x0000000000000000 is an unknown value
R14=0x00007f24245fe800 is an unknown value
R15=0x00007f2419b6dc40 is an unknown value


Stack: [0x00007f24cbafb000,0x00007f24cbbfc000],  sp=0x00007f24cbbfaa18,  free space=1022k
VM_Operation (0x00007f241993f7a0): Exit, mode: safepoint, requested by thread 0x00007f24b4001000


---------------  P R O C E S S  ---------------

Java Threads: ( => current thread )
  0x00007f24b4001000 JavaThread "SIGTERM handler" daemon [_thread_blocked, id=771, stack(0x00007f2419840000,0x00007f2419941000)]
  0x00007f24e4008800 JavaThread "DestroyJavaVM" [_thread_blocked, id=642, stack(0x00007f24ebb51000,0x00007f24ebc52000)]
  0x00007f24e40a3800 JavaThread "Service Thread" daemon [_thread_blocked, id=653, stack(0x00007f24cb4f5000,0x00007f24cb5f6000)]
  0x00007f24e40a1800 JavaThread "C2 CompilerThread1" daemon [_thread_blocked, id=652, stack(0x00007f24cb5f6000,0x00007f24cb6f7000)]
  0x00007f24e409e800 JavaThread "C2 CompilerThread0" daemon [_thread_blocked, id=651, stack(0x00007f24cb6f7000,0x00007f24cb7f8000)]
  0x00007f24e407a000 JavaThread "Finalizer" daemon [_thread_blocked, id=649, stack(0x00007f24cb8f9000,0x00007f24cb9fa000)]
  0x00007f24e4078000 JavaThread "Reference Handler" daemon [_thread_blocked, id=648, stack(0x00007f24cb9fa000,0x00007f24cbafb000)]

Other Threads:
=>0x00007f24e4074000 VMThread [stack: 0x00007f24cbafb000,0x00007f24cbbfc000] [id=647]

VM state:at safepoint (shutting down)

VM Mutex/Monitor currently owned by a thread:  ([mutex/lock_event])
[0x00007f24e4006470] Threads_lock - owner thread: 0x00007f24e4074000

Heap
 PSYoungGen      total 35328K, used 24847K [0x00000000d9080000, 0x00000000db780000, 0x0000000100000000)
  eden space 30720K, 80% used [0x00000000d9080000,0x00000000da8c3db8,0x00000000dae80000)
  from space 4608K, 0% used [0x00000000db300000,0x00000000db300000,0x00000000db780000)
  to   space 4608K, 0% used [0x00000000dae80000,0x00000000dae80000,0x00000000db300000)
 ParOldGen       total 79360K, used 0K [0x000000008b200000, 0x000000008ff80000, 0x00000000d9080000)
  object space 79360K, 0% used [0x000000008b200000,0x000000008b200000,0x000000008ff80000)
 PSPermGen       total 21504K, used 10955K [0x0000000080c00000, 0x0000000082100000, 0x000000008b200000)
  object space 21504K, 50% used [0x0000000080c00000,0x00000000816b2c78,0x0000000082100000)

Card table byte_map: [0x00007f24e890e000,0x00007f24e8d09000] byte_map_base: 0x00007f24e8508000

Polling page: 0x00007f24ebc8f000

Code Cache  [0x00007f24e1000000, 0x00007f24e1270000, 0x00007f24e4000000)
 total_blobs=471 nmethods=58 adapters=367 free_code_cache=48528Kb largest_free_block=49671680

Compilation events (10 events):
Event: 128.566 Thread 0x00007f24e40a1800   54             java.net.URI$Parser::charAt (9 bytes)
Event: 128.567 Thread 0x00007f24e40a1800 nmethod 54 0x00007f24e1094ad0 code [0x00007f24e1094c20, 0x00007f24e1094cd8]
Event: 128.640 Thread 0x00007f24e40a1800   55             java.nio.HeapByteBuffer::ix (7 bytes)
Event: 128.641 Thread 0x00007f24e40a1800 nmethod 55 0x00007f24e1097950 code [0x00007f24e1097a80, 0x00007f24e1097ad8]
Event: 247.200 Thread 0x00007f24e409e800   56             org.eclipse.swt.widgets.Widget::isDisposed (15 bytes)
Event: 247.201 Thread 0x00007f24e409e800 nmethod 56 0x00007f24e10948d0 code [0x00007f24e1094a00, 0x00007f24e1094a58]
Event: 296.532 Thread 0x00007f24e40a1800   57             java.lang.String::startsWith (7 bytes)
Event: 296.538 Thread 0x00007f24e40a1800 nmethod 57 0x00007f24e1094490 code [0x00007f24e10945e0, 0x00007f24e1094758]
Event: 300.757 Thread 0x00007f24e409e800   58             java.util.Properties::loadConvert (505 bytes)
Event: 300.778 Thread 0x00007f24e409e800 nmethod 58 0x00007f24e10983d0 code [0x00007f24e1098560, 0x00007f24e1098eb8]

GC Heap History (0 events):
No events

Deoptimization events (5 events):
Event: 0.462 Thread 0x00007f24e4008800 Uncommon trap: reason=class_check action=maybe_recompile pc=0x00007f24e1064fb0 method=java.util.Properties$LineReader.readLine()I @ 62
Event: 0.463 Thread 0x00007f24e4008800 Uncommon trap: reason=class_check action=maybe_recompile pc=0x00007f24e1064fb0 method=java.util.Properties$LineReader.readLine()I @ 62
Event: 0.465 Thread 0x00007f24e4008800 Uncommon trap: reason=class_check action=maybe_recompile pc=0x00007f24e1064fb0 method=java.util.Properties$LineReader.readLine()I @ 62
Event: 0.466 Thread 0x00007f24e4008800 Uncommon trap: reason=class_check action=maybe_recompile pc=0x00007f24e1064fb0 method=java.util.Properties$LineReader.readLine()I @ 62
Event: 0.629 Thread 0x00007f24e4008800 Uncommon trap: reason=null_check action=make_not_entrant pc=0x00007f24e106a498 method=java.lang.String.equals(Ljava/lang/Object;)Z @ 8

Internal exceptions (10 events):
Event: 302.665 Thread 0x00007f2410005800 Threw 0x00000000da830b40 at /build/java7-openjdk/src/icedtea-2.5.2/openjdk/hotspot/src/share/vm/prims/jvm.cpp:1247
Event: 302.668 Thread 0x00007f24e4292800 Threw 0x00000000da162d50 at /build/java7-openjdk/src/icedtea-2.5.2/openjdk/hotspot/src/share/vm/prims/jvm.cpp:1247
Event: 302.674 Thread 0x00007f2410005800 Threw 0x00000000da8367b0 at /build/java7-openjdk/src/icedtea-2.5.2/openjdk/hotspot/src/share/vm/prims/jni.cpp:721
Event: 302.674 Thread 0x00007f2410005800 Threw 0x00000000da836930 at /build/java7-openjdk/src/icedtea-2.5.2/openjdk/hotspot/src/share/vm/prims/jni.cpp:721
Event: 302.675 Thread 0x00007f2410005800 Threw 0x00000000da8371c0 at /build/java7-openjdk/src/icedtea-2.5.2/openjdk/hotspot/src/share/vm/prims/jvm.cpp:1247
Event: 302.676 Thread 0x00007f2410005800 Threw 0x00000000da83df40 at /build/java7-openjdk/src/icedtea-2.5.2/openjdk/hotspot/src/share/vm/prims/jvm.cpp:1247
Event: 302.678 Thread 0x00007f2410005800 Threw 0x00000000da844d80 at /build/java7-openjdk/src/icedtea-2.5.2/openjdk/hotspot/src/share/vm/prims/jni.cpp:721
Event: 302.678 Thread 0x00007f2410005800 Threw 0x00000000da844f30 at /build/java7-openjdk/src/icedtea-2.5.2/openjdk/hotspot/src/share/vm/prims/jni.cpp:721
Event: 302.678 Thread 0x00007f2410005800 Threw 0x00000000da8450b0 at /build/java7-openjdk/src/icedtea-2.5.2/openjdk/hotspot/src/share/vm/prims/jni.cpp:721
Event: 302.678 Thread 0x00007f2410005800 Threw 0x00000000da8456f8 at /build/java7-openjdk/src/icedtea-2.5.2/openjdk/hotspot/src/share/vm/prims/jvm.cpp:1247

Events (10 events):
Event: 302.679 Thread 0x00007f24e4287000 Thread exited: 0x00007f24e4287000
Event: 302.679 Thread 0x00007f24e4283000 Thread exited: 0x00007f24e4283000
Event: 302.679 Thread 0x00007f2484001000 Thread added: 0x00007f2484001000
Event: 302.680 Thread 0x00007f24e4294800 Thread exited: 0x00007f24e4294800
Event: 302.680 Executing VM operation: RevokeBias
Event: 302.680 Executing VM operation: RevokeBias done
Event: 302.680 Thread 0x00007f2484001000 Thread exited: 0x00007f2484001000
Event: 302.681 Thread 0x00007f2410005800 Thread exited: 0x00007f2410005800
Event: 302.681 Thread 0x00007f24e409c800 Thread exited: 0x00007f24e409c800
Event: 302.681 Executing VM operation: Exit


Dynamic libraries:
00400000-00401000 r-xp 00000000 08:01 1052674                            /usr/lib/jvm/java-7-openjdk/jre/bin/java
00600000-00601000 rw-p 00000000 08:01 1052674                            /usr/lib/jvm/java-7-openjdk/jre/bin/java
00a98000-00ab9000 rw-p 00000000 00:00 0                                  [heap]
80c00000-82100000 rw-p 00000000 00:00 0 
82100000-8b200000 rw-p 00000000 00:00 0 
8b200000-8ff80000 rw-p 00000000 00:00 0 
8ff80000-d9080000 rw-p 00000000 00:00 0 
d9080000-db780000 rw-p 00000000 00:00 0 
db780000-100000000 rw-p 00000000 00:00 0 
7f23fc000000-7f23fc022000 rw-p 00000000 00:00 0 
7f23fc022000-7f2400000000 ---p 00000000 00:00 0 
7f2401203000-7f2401204000 ---p 00000000 00:00 0 
7f2401204000-7f2403fff000 rw-p 00000000 00:00 0 
7f2403fff000-7f2404000000 ---p 00000000 00:00 0 
7f2404000000-7f2404021000 rw-p 00000000 00:00 0 
7f2404021000-7f2408000000 ---p 00000000 00:00 0 
7f2408000000-7f2408022000 rw-p 00000000 00:00 0 
7f2408022000-7f240c000000 ---p 00000000 00:00 0 
7f240c000000-7f240c021000 rw-p 00000000 00:00 0 
7f240c021000-7f2410000000 ---p 00000000 00:00 0 
7f2410000000-7f2410022000 rw-p 00000000 00:00 0 
7f2410022000-7f2414000000 ---p 00000000 00:00 0 
7f2414000000-7f2414021000 rw-p 00000000 00:00 0 
7f2414021000-7f2418000000 ---p 00000000 00:00 0 
7f241973f000-7f2419742000 ---p 00000000 00:00 0 
7f2419742000-7f2419840000 rw-p 00000000 00:00 0 
7f2419840000-7f2419843000 ---p 00000000 00:00 0 
7f2419843000-7f2419941000 rw-p 00000000 00:00 0                          [stack:771]
7f2419941000-7f2419950000 ---p 00000000 00:00 0 
7f2419950000-7f2419970000 rw-p 00000000 00:00 0 
7f2419970000-7f2419980000 ---p 00000000 00:00 0 
7f2419980000-7f2419990000 rw-p 00000000 00:00 0 
7f2419990000-7f24199a0000 ---p 00000000 00:00 0 
7f24199a0000-7f24199b0000 rw-p 00000000 00:00 0 
7f24199b0000-7f24199c0000 ---p 00000000 00:00 0 
7f24199c0000-7f24199d0000 rw-p 00000000 00:00 0 
7f24199d0000-7f24199e0000 ---p 00000000 00:00 0 
7f24199e0000-7f24199f0000 rw-p 00000000 00:00 0 
7f24199f0000-7f2419a00000 ---p 00000000 00:00 0 
7f2419a00000-7f2419a10000 rw-p 00000000 00:00 0 
7f2419a10000-7f2419a20000 ---p 00000000 00:00 0 
7f2419a20000-7f2419a30000 rw-p 00000000 00:00 0 
7f2419a30000-7f2419a39000 ---p 00000000 00:00 0 
7f2419a77000-7f2419a80000 ---p 00000000 00:00 0 
7f2419a80000-7f2419a90000 rw-p 00000000 00:00 0 
7f2419a90000-7f2419aa0000 ---p 00000000 00:00 0 
7f2419aa0000-7f2419ab0000 rw-p 00000000 00:00 0 
7f2419ab0000-7f2419ac0000 ---p 00000000 00:00 0 
7f2419ac0000-7f2419ad0000 rw-p 00000000 00:00 0 
7f2419ad0000-7f2419ae0000 ---p 00000000 00:00 0 
7f2419ae0000-7f2419af0000 rw-p 00000000 00:00 0 
7f2419af0000-7f2419af3000 ---p 00000000 00:00 0 
7f2419af3000-7f2419af4000 ---p 00000000 00:00 0 
7f2419af4000-7f2419bf4000 rw-p 00000000 00:00 0 
7f2419bf4000-7f2419bf5000 ---p 00000000 00:00 0 
7f2419bf5000-7f2419c00000 ---p 00000000 00:00 0 
7f2419c00000-7f2419c10000 rw-p 00000000 00:00 0 
7f2419c10000-7f2419c20000 ---p 00000000 00:00 0 
7f2419c20000-7f2419c30000 rw-p 00000000 00:00 0 
7f2419c30000-7f2419c40000 ---p 00000000 00:00 0 
7f2419c40000-7f2419c50000 rw-p 00000000 00:00 0 
7f2419c50000-7f2419c60000 ---p 00000000 00:00 0 
7f2419c60000-7f2419c70000 rw-p 00000000 00:00 0 
7f2419c70000-7f2419c80000 ---p 00000000 00:00 0 
7f2419c80000-7f2419ca0000 rw-p 00000000 00:00 0 
7f2419ca0000-7f2419cb0000 ---p 00000000 00:00 0 
7f2419cb0000-7f2419cc0000 rw-p 00000000 00:00 0 
7f2419cc0000-7f2419cd0000 ---p 00000000 00:00 0 
7f2419cd0000-7f2419ce0000 rw-p 00000000 00:00 0 
7f2419ce0000-7f2419cf0000 ---p 00000000 00:00 0 
7f2419cf0000-7f2419d00000 rw-p 00000000 00:00 0 
7f2419d00000-7f2419d0c000 ---p 00000000 00:00 0 
7f2419d0c000-7f2419d0d000 ---p 00000000 00:00 0 
7f2419d0d000-7f2419e0d000 rw-p 00000000 00:00 0 
7f2419e0d000-7f2419e0e000 ---p 00000000 00:00 0 
7f2419e0e000-7f2419e54000 r--p 00000000 08:01 17769                      /usr/share/fonts/TTF/arialbd.ttf
7f2419e54000-7f241be54000 rw-s 00000000 00:04 34406426                   /SYSV00000000 (deleted)
7f241be54000-7f241be55000 ---p 00000000 00:00 0 
7f241be55000-7f241bfff000 rw-p 00000000 00:00 0 
7f241bfff000-7f241c000000 ---p 00000000 00:00 0 
7f241c000000-7f241c021000 rw-p 00000000 00:00 0 
7f241c021000-7f2420000000 ---p 00000000 00:00 0 
7f2420000000-7f2420021000 rw-p 00000000 00:00 0 
7f2420021000-7f2424000000 ---p 00000000 00:00 0 
7f242400d000-7f242400e000 ---p 00000000 00:00 0 
7f242400e000-7f2424016000 rw-p 00000000 00:00 0 
7f2424016000-7f2424017000 ---p 00000000 00:00 0 
7f2424017000-7f2424020000 ---p 00000000 00:00 0 
7f2424020000-7f2424030000 rw-p 00000000 00:00 0 
7f2424030000-7f2424040000 ---p 00000000 00:00 0 
7f2424040000-7f2424050000 rw-p 00000000 00:00 0 
7f2424050000-7f2424060000 ---p 00000000 00:00 0 
7f2424060000-7f2424070000 rw-p 00000000 00:00 0 
7f2424070000-7f2424080000 ---p 00000000 00:00 0 
7f2424080000-7f2424090000 rw-p 00000000 00:00 0 
7f2424090000-7f2424093000 ---p 00000000 00:00 0 
7f2424093000-7f2424094000 ---p 00000000 00:00 0 
7f2424094000-7f242409c000 rw-p 00000000 00:00 0 
7f242409c000-7f242409e000 ---p 00000000 00:00 0 
7f242409e000-7f24240a6000 rw-p 00000000 00:00 0 
7f24240a6000-7f24240a8000 ---p 00000000 00:00 0 
7f24240a8000-7f24240b0000 rw-p 00000000 00:00 0 
7f24240b0000-7f24240b2000 ---p 00000000 00:00 0 
7f24240b2000-7f24240ba000 rw-p 00000000 00:00 0 
7f24240ba000-7f24240bc000 ---p 00000000 00:00 0 
7f24240bc000-7f24241bc000 rw-p 00000000 00:00 0 
7f24241bc000-7f24241be000 ---p 00000000 00:00 0 
7f24241be000-7f24242be000 rw-p 00000000 00:00 0 
7f24242be000-7f24242bf000 ---p 00000000 00:00 0 
7f24242bf000-7f2424303000 r--p 00000000 08:01 17770                      /usr/share/fonts/TTF/arial.ttf
7f2424303000-7f2424310000 ---p 00000000 00:00 0 
7f2424310000-7f2424320000 rw-p 00000000 00:00 0 
7f2424320000-7f2424330000 ---p 00000000 00:00 0 
7f2424330000-7f2424340000 rw-p 00000000 00:00 0 
7f2424340000-7f2424350000 ---p 00000000 00:00 0 
7f2424350000-7f2424360000 rw-p 00000000 00:00 0 
7f2424360000-7f2424361000 ---p 00000000 00:00 0 
7f2424361000-7f2424461000 rw-p 00000000 00:00 0 
7f2424461000-7f2424462000 ---p 00000000 00:00 0 
7f2424462000-7f2424470000 ---p 00000000 00:00 0 
7f2424470000-7f2424480000 rw-p 00000000 00:00 0 
7f2424480000-7f2424490000 ---p 00000000 00:00 0 
7f2424490000-7f24244b0000 rw-p 00000000 00:00 0 
7f24244b0000-7f24244c0000 ---p 00000000 00:00 0 
7f24244c0000-7f24244d0000 rw-p 00000000 00:00 0 
7f24244d0000-7f24244e0000 ---p 00000000 00:00 0 
7f24244e0000-7f24244f0000 rw-p 00000000 00:00 0 
7f24244f0000-7f2424500000 ---p 00000000 00:00 0 
7f2424500000-7f2424510000 rw-p 00000000 00:00 0 
7f2424510000-7f2424520000 ---p 00000000 00:00 0 
7f2424520000-7f2424530000 rw-p 00000000 00:00 0 
7f2424530000-7f2424540000 ---p 00000000 00:00 0 
7f2424540000-7f2424550000 rw-p 00000000 00:00 0 
7f2424550000-7f242455a000 ---p 00000000 00:00 0 
7f242455a000-7f242455b000 ---p 00000000 00:00 0 
7f242455b000-7f242465b000 rw-p 00000000 00:00 0 
7f242465b000-7f242465c000 ---p 00000000 00:00 0 
7f242465c000-7f2424660000 ---p 00000000 00:00 0 
7f2424660000-7f2424670000 rw-p 00000000 00:00 0 
7f2424670000-7f2424680000 ---p 00000000 00:00 0 
7f2424680000-7f2424690000 rw-p 00000000 00:00 0 
7f2424690000-7f24246a0000 ---p 00000000 00:00 0 
7f24246a0000-7f24246b0000 rw-p 00000000 00:00 0 
7f24246b0000-7f24246c0000 ---p 00000000 00:00 0 
7f24246c0000-7f24246d0000 rw-p 00000000 00:00 0 
7f24246d0000-7f24246e0000 ---p 00000000 00:00 0 
7f24246e0000-7f24246f0000 rw-p 00000000 00:00 0 
7f24246f0000-7f24246f7000 ---p 00000000 00:00 0 
7f24246f7000-7f24246f8000 ---p 00000000 00:00 0 
7f24246f8000-7f24247f8000 rw-p 00000000 00:00 0 
7f24247f8000-7f24247f9000 ---p 00000000 00:00 0 
7f24247f9000-7f24247fa000 ---p 00000000 00:00 0 
7f24247fa000-7f2424ffa000 rw-p 00000000 00:00 0 
7f2424ffa000-7f2424ffb000 ---p 00000000 00:00 0 
7f2424ffb000-7f24257fb000 rw-p 00000000 00:00 0                          [stack:770]
7f24257fb000-7f24257fc000 ---p 00000000 00:00 0 
7f24257fc000-7f2425ffc000 rw-p 00000000 00:00 0 
7f2425ffc000-7f2425ffd000 ---p 00000000 00:00 0 
7f2425ffd000-7f24267fd000 rw-p 00000000 00:00 0 
7f24267fd000-7f24267fe000 ---p 00000000 00:00 0 
7f24267fe000-7f2426ffe000 rw-p 00000000 00:00 0                          [stack:671]
7f2426ffe000-7f2426fff000 ---p 00000000 00:00 0 
7f2426fff000-7f24277ff000 rw-p 00000000 00:00 0                          [stack:670]
7f24277ff000-7f2427800000 ---p 00000000 00:00 0 
7f2427800000-7f2428000000 rw-p 00000000 00:00 0                          [stack:669]
7f2428000000-7f2428022000 rw-p 00000000 00:00 0 
7f2428022000-7f242c000000 ---p 00000000 00:00 0 
7f242c005000-7f242c006000 ---p 00000000 00:00 0 
7f242c006000-7f242c00e000 rw-p 00000000 00:00 0 
7f242c00e000-7f242c00f000 ---p 00000000 00:00 0 
7f242c00f000-7f242c012000 ---p 00000000 00:00 0 
7f242c012000-7f242c110000 rw-p 00000000 00:00 0 
7f242c12f000-7f242c130000 ---p 00000000 00:00 0 
7f242c130000-7f242c140000 rw-p 00000000 00:00 0 
7f242c140000-7f242c150000 ---p 00000000 00:00 0 
7f242c150000-7f242c160000 rw-p 00000000 00:00 0 
7f242c160000-7f242c170000 ---p 00000000 00:00 0 
7f242c170000-7f242c180000 rw-p 00000000 00:00 0 
7f242c180000-7f242c190000 ---p 00000000 00:00 0 
7f242c190000-7f242c1a0000 rw-p 00000000 00:00 0 
7f242c1a0000-7f242c1b0000 ---p 00000000 00:00 0 
7f242c1b0000-7f242c1c0000 rw-p 00000000 00:00 0 
7f242c1c0000-7f242c1d0000 ---p 00000000 00:00 0 
7f242c1d0000-7f242c1e0000 rw-p 00000000 00:00 0 
7f242c1e0000-7f242c1f0000 ---p 00000000 00:00 0 
7f242c1f0000-7f242c200000 rw-p 00000000 00:00 0 
7f242c200000-7f242c604000 ---p 00000000 00:00 0 
7f242c604000-7f242c608000 rw-p 00000000 00:00 0 
7f242c608000-7f242c609000 ---p 00000000 00:00 0 
7f242c609000-7f242ce09000 rw-p 00000000 00:00 0                          [stack:668]
7f242ce09000-7f242ce50000 r-xp 00000000 08:01 840842                     /usr/lib/libdbus-1.so.3.8.6
7f242ce50000-7f242d04f000 ---p 00047000 08:01 840842                     /usr/lib/libdbus-1.so.3.8.6
7f242d04f000-7f242d050000 r--p 00046000 08:01 840842                     /usr/lib/libdbus-1.so.3.8.6
7f242d050000-7f242d051000 rw-p 00047000 08:01 840842                     /usr/lib/libdbus-1.so.3.8.6
7f242d051000-7f242d053000 r-xp 00000000 08:01 153902                     /usr/lib/libproxy/0.4.11/modules/network_networkmanager.so
7f242d053000-7f242d252000 ---p 00002000 08:01 153902                     /usr/lib/libproxy/0.4.11/modules/network_networkmanager.so
7f242d252000-7f242d253000 r--p 00001000 08:01 153902                     /usr/lib/libproxy/0.4.11/modules/network_networkmanager.so
7f242d253000-7f242d254000 rw-p 00002000 08:01 153902                     /usr/lib/libproxy/0.4.11/modules/network_networkmanager.so
7f242d254000-7f242d278000 r-xp 00000000 08:01 826516                     /usr/lib/libproxy.so.1.0.0
7f242d278000-7f242d478000 ---p 00024000 08:01 826516                     /usr/lib/libproxy.so.1.0.0
7f242d478000-7f242d479000 r--p 00024000 08:01 826516                     /usr/lib/libproxy.so.1.0.0
7f242d479000-7f242d47a000 rw-p 00025000 08:01 826516                     /usr/lib/libproxy.so.1.0.0
7f242d47a000-7f242d47c000 r-xp 00000000 08:01 17603                      /usr/lib/gio/modules/libgiolibproxy.so
7f242d47c000-7f242d67b000 ---p 00002000 08:01 17603                      /usr/lib/gio/modules/libgiolibproxy.so
7f242d67b000-7f242d67c000 r--p 00001000 08:01 17603                      /usr/lib/gio/modules/libgiolibproxy.so
7f242d67c000-7f242d67d000 rw-p 00002000 08:01 17603                      /usr/lib/gio/modules/libgiolibproxy.so
7f242d67d000-7f242d67e000 ---p 00000000 00:00 0 
7f242d67e000-7f242de7e000 rw-p 00000000 00:00 0                          [stack:667]
7f242de7e000-7f242de89000 r-xp 00000000 08:01 3253                       /usr/lib/gio/modules/libdconfsettings.so
7f242de89000-7f242e088000 ---p 0000b000 08:01 3253                       /usr/lib/gio/modules/libdconfsettings.so
7f242e088000-7f242e089000 r--p 0000a000 08:01 3253                       /usr/lib/gio/modules/libdconfsettings.so
7f242e089000-7f242e08a000 rw-p 0000b000 08:01 3253                       /usr/lib/gio/modules/libdconfsettings.so
7f242e08a000-7f242e08d000 r-xp 00000000 08:01 17604                      /usr/lib/gio/modules/libgiognomeproxy.so
7f242e08d000-7f242e28d000 ---p 00003000 08:01 17604                      /usr/lib/gio/modules/libgiognomeproxy.so
7f242e28d000-7f242e28e000 r--p 00003000 08:01 17604                      /usr/lib/gio/modules/libgiognomeproxy.so
7f242e28e000-7f242e28f000 rw-p 00004000 08:01 17604                      /usr/lib/gio/modules/libgiognomeproxy.so
7f242e28f000-7f242e48f000 rw-p 00000000 00:00 0 
7f242e48f000-7f242f28f000 ---p 00000000 00:00 0 
7f242f28f000-7f242f48f000 rw-p 00000000 00:00 0 
7f242f48f000-7f243028f000 ---p 00000000 00:00 0 
7f243028f000-7f24302c9000 r-xp 00000000 08:01 812536                     /usr/lib/libnspr4.so
7f24302c9000-7f24304c9000 ---p 0003a000 08:01 812536                     /usr/lib/libnspr4.so
7f24304c9000-7f24304ca000 r--p 0003a000 08:01 812536                     /usr/lib/libnspr4.so
7f24304ca000-7f24304cc000 rw-p 0003b000 08:01 812536                     /usr/lib/libnspr4.so
7f24304cc000-7f24304ce000 rw-p 00000000 00:00 0 
7f24304ce000-7f24304d2000 r-xp 00000000 08:01 843426                     /usr/lib/libplc4.so
7f24304d2000-7f24306d1000 ---p 00004000 08:01 843426                     /usr/lib/libplc4.so
7f24306d1000-7f24306d2000 r--p 00003000 08:01 843426                     /usr/lib/libplc4.so
7f24306d2000-7f24306d3000 rw-p 00004000 08:01 843426                     /usr/lib/libplc4.so
7f24306d3000-7f24306d6000 r-xp 00000000 08:01 835483                     /usr/lib/libplds4.so
7f24306d6000-7f24308d5000 ---p 00003000 08:01 835483                     /usr/lib/libplds4.so
7f24308d5000-7f24308d6000 r--p 00002000 08:01 835483                     /usr/lib/libplds4.so
7f24308d6000-7f24308d7000 rw-p 00003000 08:01 835483                     /usr/lib/libplds4.so
7f24308d7000-7f24308fc000 r-xp 00000000 08:01 830688                     /usr/lib/libnssutil3.so
7f24308fc000-7f2430afc000 ---p 00025000 08:01 830688                     /usr/lib/libnssutil3.so
7f2430afc000-7f2430b02000 r--p 00025000 08:01 830688                     /usr/lib/libnssutil3.so
7f2430b02000-7f2430b03000 rw-p 0002b000 08:01 830688                     /usr/lib/libnssutil3.so
7f2430b03000-7f2430c22000 r-xp 00000000 08:01 830110                     /usr/lib/libnss3.so
7f2430c22000-7f2430e21000 ---p 0011f000 08:01 830110                     /usr/lib/libnss3.so
7f2430e21000-7f2430e26000 r--p 0011e000 08:01 830110                     /usr/lib/libnss3.so
7f2430e26000-7f2430e28000 rw-p 00123000 08:01 830110                     /usr/lib/libnss3.so
7f2430e28000-7f2430e2a000 rw-p 00000000 00:00 0 
7f2430e2a000-7f2430e4e000 r-xp 00000000 08:01 830689                     /usr/lib/libsmime3.so
7f2430e4e000-7f243104d000 ---p 00024000 08:01 830689                     /usr/lib/libsmime3.so
7f243104d000-7f2431050000 r--p 00023000 08:01 830689                     /usr/lib/libsmime3.so
7f2431050000-7f2431051000 rw-p 00026000 08:01 830689                     /usr/lib/libsmime3.so
7f2431051000-7f2431091000 r-xp 00000000 08:01 840205                     /usr/lib/libssl3.so
7f2431091000-7f2431291000 ---p 00040000 08:01 840205                     /usr/lib/libssl3.so
7f2431291000-7f2431294000 r--p 00040000 08:01 840205                     /usr/lib/libssl3.so
7f2431294000-7f2431295000 rw-p 00043000 08:01 840205                     /usr/lib/libssl3.so
7f2431295000-7f2431296000 rw-p 00000000 00:00 0 
7f2431296000-7f2432415000 r-xp 00000000 08:01 854008                     /usr/lib/mozilla/plugins/libflashplayer.so
7f2432415000-7f2432614000 ---p 0117f000 08:01 854008                     /usr/lib/mozilla/plugins/libflashplayer.so
7f2432614000-7f24326e9000 rw-p 0117e000 08:01 854008                     /usr/lib/mozilla/plugins/libflashplayer.so
7f24326e9000-7f24327f8000 rw-p 00000000 00:00 0 
7f24327f8000-7f2432821000 r-xp 00000000 08:01 963943                     /usr/lib/jvm/java-8-oracle/jre/lib/amd64/libnpjp2.so
7f2432821000-7f2432a20000 ---p 00029000 08:01 963943                     /usr/lib/jvm/java-8-oracle/jre/lib/amd64/libnpjp2.so
7f2432a20000-7f2432a22000 rw-p 00028000 08:01 963943                     /usr/lib/jvm/java-8-oracle/jre/lib/amd64/libnpjp2.so
7f2432a22000-7f2432a23000 rw-p 00000000 00:00 0 
7f2432a23000-7f2432a25000 r-xp 00000000 08:01 788141                     /usr/lib/libutil-2.19.so
7f2432a25000-7f2432c24000 ---p 00002000 08:01 788141                     /usr/lib/libutil-2.19.so
7f2432c24000-7f2432c25000 r--p 00001000 08:01 788141                     /usr/lib/libutil-2.19.so
7f2432c25000-7f2432c26000 rw-p 00002000 08:01 788141                     /usr/lib/libutil-2.19.so
7f2432c26000-7f2432c56000 r-xp 00000000 08:01 818317                     /usr/lib/libbluray.so.1.5.0
7f2432c56000-7f2432e56000 ---p 00030000 08:01 818317                     /usr/lib/libbluray.so.1.5.0
7f2432e56000-7f2432e57000 r--p 00030000 08:01 818317                     /usr/lib/libbluray.so.1.5.0
7f2432e57000-7f2432e58000 rw-p 00031000 08:01 818317                     /usr/lib/libbluray.so.1.5.0
7f2432e58000-7f2432e8e000 r-xp 00000000 08:01 527771                     /usr/lib/gvfs/libgvfscommon.so
7f2432e8e000-7f243308d000 ---p 00036000 08:01 527771                     /usr/lib/gvfs/libgvfscommon.so
7f243308d000-7f2433093000 r--p 00035000 08:01 527771                     /usr/lib/gvfs/libgvfscommon.so
7f2433093000-7f2433094000 rw-p 0003b000 08:01 527771                     /usr/lib/gvfs/libgvfscommon.so
7f2433094000-7f24330c3000 r-xp 00000000 08:01 17601                      /usr/lib/gio/modules/libgvfsdbus.so
7f24330c3000-7f24332c3000 ---p 0002f000 08:01 17601                      /usr/lib/gio/modules/libgvfsdbus.so
7f24332c3000-7f24332c4000 r--p 0002f000 08:01 17601                      /usr/lib/gio/modules/libgvfsdbus.so
7f24332c4000-7f24332c6000 rw-p 00030000 08:01 17601                      /usr/lib/gio/modules/libgvfsdbus.so
7f24332c6000-7f2433318000 r-xp 00000000 08:01 821403                     /usr/lib/libhunspell-1.3.so.0.0.0
7f2433318000-7f2433518000 ---p 00052000 08:01 821403                     /usr/lib/libhunspell-1.3.so.0.0.0
7f2433518000-7f2433519000 r--p 00052000 08:01 821403                     /usr/lib/libhunspell-1.3.so.0.0.0
7f2433519000-7f243351e000 rw-p 00053000 08:01 821403                     /usr/lib/libhunspell-1.3.so.0.0.0
7f243351e000-7f2433523000 r-xp 00000000 08:01 1049141                    /usr/lib/enchant/libenchant_myspell.so
7f2433523000-7f2433722000 ---p 00005000 08:01 1049141                    /usr/lib/enchant/libenchant_myspell.so
7f2433722000-7f2433723000 r--p 00004000 08:01 1049141                    /usr/lib/enchant/libenchant_myspell.so
7f2433723000-7f2433724000 rw-p 00005000 08:01 1049141                    /usr/lib/enchant/libenchant_myspell.so
7f2433724000-7f243372f000 r-xp 00000000 08:01 821411                     /usr/lib/libhspell.so.0
7f243372f000-7f243392e000 ---p 0000b000 08:01 821411                     /usr/lib/libhspell.so.0
7f243392e000-7f243392f000 r--p 0000a000 08:01 821411                     /usr/lib/libhspell.so.0
7f243392f000-7f2433932000 rw-p 0000b000 08:01 821411                     /usr/lib/libhspell.so.0
7f2433932000-7f2433934000 r-xp 00000000 08:01 1049140                    /usr/lib/enchant/libenchant_hspell.so
7f2433934000-7f2433b33000 ---p 00002000 08:01 1049140                    /usr/lib/enchant/libenchant_hspell.so
7f2433b33000-7f2433b34000 r--p 00001000 08:01 1049140                    /usr/lib/enchant/libenchant_hspell.so
7f2433b34000-7f2433b35000 rw-p 00002000 08:01 1049140                    /usr/lib/enchant/libenchant_hspell.so
7f2433b35000-7f2433bee000 r-xp 00000000 08:01 821271                     /usr/lib/libaspell.so.15.1.5
7f2433bee000-7f2433dee000 ---p 000b9000 08:01 821271                     /usr/lib/libaspell.so.15.1.5
7f2433dee000-7f2433df4000 r--p 000b9000 08:01 821271                     /usr/lib/libaspell.so.15.1.5
7f2433df4000-7f2433df6000 rw-p 000bf000 08:01 821271                     /usr/lib/libaspell.so.15.1.5
7f2433df6000-7f2433dfd000 rw-p 00000000 00:00 0 
7f2433dfd000-7f2433dff000 r-xp 00000000 08:01 1049139                    /usr/lib/enchant/libenchant_aspell.so
7f2433dff000-7f2433ffe000 ---p 00002000 08:01 1049139                    /usr/lib/enchant/libenchant_aspell.so
7f2433ffe000-7f2433fff000 r--p 00001000 08:01 1049139                    /usr/lib/enchant/libenchant_aspell.so
7f2433fff000-7f2434000000 rw-p 00002000 08:01 1049139                    /usr/lib/enchant/libenchant_aspell.so
7f2434000000-7f2434021000 rw-p 00000000 00:00 0 
7f2434021000-7f2438000000 ---p 00000000 00:00 0 
7f2438008000-7f2438009000 ---p 00000000 00:00 0 
7f2438009000-7f2438011000 rw-p 00000000 00:00 0 
7f2438011000-7f2438012000 ---p 00000000 00:00 0 
7f2438012000-7f2438020000 ---p 00000000 00:00 0 
7f2438020000-7f2438030000 rw-p 00000000 00:00 0 
7f2438030000-7f2438040000 ---p 00000000 00:00 0 
7f2438040000-7f2438060000 rw-p 00000000 00:00 0 
7f2438060000-7f2438070000 ---p 00000000 00:00 0 
7f2438070000-7f2438080000 rw-p 00000000 00:00 0 
7f2438080000-7f2438090000 ---p 00000000 00:00 0 
7f2438090000-7f24380a0000 rw-p 00000000 00:00 0 
7f24380a0000-7f24380b0000 ---p 00000000 00:00 0 
7f24380b0000-7f24380c0000 rw-p 00000000 00:00 0 
7f24380c0000-7f24380d0000 ---p 00000000 00:00 0 
7f24380d0000-7f24380e0000 rw-p 00000000 00:00 0 
7f24380e0000-7f24380eb000 ---p 00000000 00:00 0 
7f24380eb000-7f24380ec000 ---p 00000000 00:00 0 
7f24380ec000-7f24388ec000 rw-p 00000000 00:00 0                          [stack:666]
7f24388ec000-7f24388ed000 ---p 00000000 00:00 0 
7f24388ed000-7f24388ef000 rwxp 00000000 00:00 0 
7f24388ef000-7f24388f0000 ---p 00000000 00:00 0 
7f24388f0000-7f24388f2000 rwxp 00000000 00:00 0 
7f24388f2000-7f24388f3000 ---p 00000000 00:00 0 
7f24388f3000-7f24388f5000 rwxp 00000000 00:00 0 
7f24388f5000-7f24388f7000 ---p 00000000 00:00 0 
7f24388f7000-7f24388f9000 rwxp 00000000 00:00 0 
7f24388f9000-7f2438907000 ---p 00000000 00:00 0 
7f2438907000-7f2438908000 rwxp 00000000 00:00 0 
7f2438908000-7f2438911000 ---p 00000000 00:00 0 
7f2438911000-7f2438913000 rwxp 00000000 00:00 0 
7f2438913000-7f2438915000 ---p 00000000 00:00 0 
7f2438915000-7f2438916000 rwxp 00000000 00:00 0 
7f2438916000-7f243891c000 ---p 00000000 00:00 0 
7f243891c000-7f243891e000 rwxp 00000000 00:00 0 
7f243891e000-7f243892b000 ---p 00000000 00:00 0 
7f243892b000-7f243892c000 rwxp 00000000 00:00 0 
7f243892c000-7f243892e000 ---p 00000000 00:00 0 
7f243892e000-7f2438931000 rwxp 00000000 00:00 0 
7f2438931000-7f24389a9000 ---p 00000000 00:00 0 
7f24389a9000-7f24788e8000 ---p 00000000 00:00 0 
7f24788e8000-7f24788e9000 rwxp 00000000 00:00 0 
7f24788e9000-7f24788ea000 ---p 00000000 00:00 0 
7f24788ea000-7f24788eb000 rwxp 00000000 00:00 0 
7f24788eb000-7f24788ec000 ---p 00000000 00:00 0 
7f24788ec000-7f24788ed000 rwxp 00000000 00:00 0 
7f24788ed000-7f24788ee000 ---p 00000000 00:00 0 
7f24788ee000-7f24788ef000 ---p 00000000 00:00 0 
7f24788ef000-7f24789ef000 rw-p 00000000 00:00 0 
7f24789ef000-7f24789f0000 ---p 00000000 00:00 0 
7f24789f0000-7f24789f1000 ---p 00000000 00:00 0 
7f24789f1000-7f24791f1000 rw-p 00000000 00:00 0                          [stack:664]
7f24791f1000-7f24791f5000 r-xp 00000000 08:01 843365                     /usr/lib/libuuid.so.1.3.0
7f24791f5000-7f24793f4000 ---p 00004000 08:01 843365                     /usr/lib/libuuid.so.1.3.0
7f24793f4000-7f24793f5000 r--p 00003000 08:01 843365                     /usr/lib/libuuid.so.1.3.0
7f24793f5000-7f24793f6000 rw-p 00004000 08:01 843365                     /usr/lib/libuuid.so.1.3.0
7f24793f6000-7f247940e000 r-xp 00000000 08:01 809016                     /usr/lib/libICE.so.6.3.0
7f247940e000-7f247960d000 ---p 00018000 08:01 809016                     /usr/lib/libICE.so.6.3.0
7f247960d000-7f247960e000 r--p 00017000 08:01 809016                     /usr/lib/libICE.so.6.3.0
7f247960e000-7f247960f000 rw-p 00018000 08:01 809016                     /usr/lib/libICE.so.6.3.0
7f247960f000-7f2479613000 rw-p 00000000 00:00 0 
7f2479613000-7f247961a000 r-xp 00000000 08:01 809190                     /usr/lib/libSM.so.6.0.1
7f247961a000-7f2479819000 ---p 00007000 08:01 809190                     /usr/lib/libSM.so.6.0.1
7f2479819000-7f247981a000 r--p 00006000 08:01 809190                     /usr/lib/libSM.so.6.0.1
7f247981a000-7f247981b000 rw-p 00007000 08:01 809190                     /usr/lib/libSM.so.6.0.1
7f247981b000-7f247983c000 r-xp 00000000 08:01 794284                     /usr/lib/liblzma.so.5.0.5
7f247983c000-7f2479a3c000 ---p 00021000 08:01 794284                     /usr/lib/liblzma.so.5.0.5
7f2479a3c000-7f2479a3d000 r--p 00021000 08:01 794284                     /usr/lib/liblzma.so.5.0.5
7f2479a3d000-7f2479a3e000 rw-p 00022000 08:01 794284                     /usr/lib/liblzma.so.5.0.5
7f2479a3e000-7f2479a42000 r-xp 00000000 08:01 830309                     /usr/lib/libgpg-error.so.0.11.0
7f2479a42000-7f2479c41000 ---p 00004000 08:01 830309                     /usr/lib/libgpg-error.so.0.11.0
7f2479c41000-7f2479c42000 r--p 00003000 08:01 830309                     /usr/lib/libgpg-error.so.0.11.0
7f2479c42000-7f2479c43000 rw-p 00004000 08:01 830309                     /usr/lib/libgpg-error.so.0.11.0
7f2479c43000-7f2479d1a000 r-xp 00000000 08:01 835645                     /usr/lib/libgcrypt.so.20.0.2
7f2479d1a000-7f2479f1a000 ---p 000d7000 08:01 835645                     /usr/lib/libgcrypt.so.20.0.2
7f2479f1a000-7f2479f1b000 r--p 000d7000 08:01 835645                     /usr/lib/libgcrypt.so.20.0.2
7f2479f1b000-7f2479f24000 rw-p 000d8000 08:01 835645                     /usr/lib/libgcrypt.so.20.0.2
7f2479f24000-7f2479fa4000 r-xp 00000000 08:01 813757                     /usr/lib/liborc-0.4.so.0.19.0
7f2479fa4000-7f247a1a3000 ---p 00080000 08:01 813757                     /usr/lib/liborc-0.4.so.0.19.0
7f247a1a3000-7f247a1a5000 r--p 0007f000 08:01 813757                     /usr/lib/liborc-0.4.so.0.19.0
7f247a1a5000-7f247a1aa000 rw-p 00081000 08:01 813757                     /usr/lib/liborc-0.4.so.0.19.0
7f247a1aa000-7f247a1e1000 r-xp 00000000 08:01 842602                     /usr/lib/libgsttag-1.0.so.0.400.0
7f247a1e1000-7f247a3e0000 ---p 00037000 08:01 842602                     /usr/lib/libgsttag-1.0.so.0.400.0
7f247a3e0000-7f247a3e2000 r--p 00036000 08:01 842602                     /usr/lib/libgsttag-1.0.so.0.400.0
7f247a3e2000-7f247a3e3000 rw-p 00038000 08:01 842602                     /usr/lib/libgsttag-1.0.so.0.400.0
7f247a3e3000-7f247b86b000 r--p 00000000 08:01 817823                     /usr/lib/libicudata.so.53.1
7f247b86b000-7f247ba6a000 ---p 01488000 08:01 817823                     /usr/lib/libicudata.so.53.1
7f247ba6a000-7f247ba6b000 r--p 01487000 08:01 817823                     /usr/lib/libicudata.so.53.1
7f247ba6b000-7f247bacb000 r-xp 00000000 08:01 809495                     /usr/lib/libXt.so.6.0.0
7f247bacb000-7f247bccb000 ---p 00060000 08:01 809495                     /usr/lib/libXt.so.6.0.0
7f247bccb000-7f247bccc000 r--p 00060000 08:01 809495                     /usr/lib/libXt.so.6.0.0
7f247bccc000-7f247bcd1000 rw-p 00061000 08:01 809495                     /usr/lib/libXt.so.6.0.0
7f247bcd1000-7f247bcd2000 rw-p 00000000 00:00 0 
7f247bcd2000-7f247bd2b000 r-xp 00000000 08:01 817892                     /usr/lib/libwebp.so.5.0.1
7f247bd2b000-7f247bf2b000 ---p 00059000 08:01 817892                     /usr/lib/libwebp.so.5.0.1
7f247bf2b000-7f247bf2c000 r--p 00059000 08:01 817892                     /usr/lib/libwebp.so.5.0.1
7f247bf2c000-7f247bf2e000 rw-p 0005a000 08:01 817892                     /usr/lib/libwebp.so.5.0.1
7f247bf2e000-7f247bf2f000 rw-p 00000000 00:00 0 
7f247bf2f000-7f247c095000 r-xp 00000000 08:01 817836                     /usr/lib/libicuuc.so.53.1
7f247c095000-7f247c294000 ---p 00166000 08:01 817836                     /usr/lib/libicuuc.so.53.1
7f247c294000-7f247c2a5000 r--p 00165000 08:01 817836                     /usr/lib/libicuuc.so.53.1
7f247c2a5000-7f247c2a6000 rw-p 00176000 08:01 817836                     /usr/lib/libicuuc.so.53.1
7f247c2a6000-7f247c2aa000 rw-p 00000000 00:00 0 
7f247c2aa000-7f247c4cc000 r-xp 00000000 08:01 817816                     /usr/lib/libicui18n.so.53.1
7f247c4cc000-7f247c6cb000 ---p 00222000 08:01 817816                     /usr/lib/libicui18n.so.53.1
7f247c6cb000-7f247c6d9000 r--p 00221000 08:01 817816                     /usr/lib/libicui18n.so.53.1
7f247c6d9000-7f247c6db000 rw-p 0022f000 08:01 817816                     /usr/lib/libicui18n.so.53.1
7f247c6db000-7f247c6dc000 rw-p 00000000 00:00 0 
7f247c6dc000-7f247c79c000 r-xp 00000000 08:01 826825                     /usr/lib/libsqlite3.so.0.8.6
7f247c79c000-7f247c99c000 ---p 000c0000 08:01 826825                     /usr/lib/libsqlite3.so.0.8.6
7f247c99c000-7f247c99e000 r--p 000c0000 08:01 826825                     /usr/lib/libsqlite3.so.0.8.6
7f247c99e000-7f247c9a1000 rw-p 000c2000 08:01 826825                     /usr/lib/libsqlite3.so.0.8.6
7f247c9a1000-7f247cafe000 r-xp 00000000 08:01 810270                     /usr/lib/libxml2.so.2.9.1
7f247cafe000-7f247ccfd000 ---p 0015d000 08:01 810270                     /usr/lib/libxml2.so.2.9.1
7f247ccfd000-7f247cd05000 r--p 0015c000 08:01 810270                     /usr/lib/libxml2.so.2.9.1
7f247cd05000-7f247cd07000 rw-p 00164000 08:01 810270                     /usr/lib/libxml2.so.2.9.1
7f247cd07000-7f247cd09000 rw-p 00000000 00:00 0 
7f247cd09000-7f247cd46000 r-xp 00000000 08:01 821008                     /usr/lib/libxslt.so.1.1.28
7f247cd46000-7f247cf45000 ---p 0003d000 08:01 821008                     /usr/lib/libxslt.so.1.1.28
7f247cf45000-7f247cf46000 r--p 0003c000 08:01 821008                     /usr/lib/libxslt.so.1.1.28
7f247cf46000-7f247cf47000 rw-p 0003d000 08:01 821008                     /usr/lib/libxslt.so.1.1.28
7f247cf47000-7f247cf48000 rw-p 00000000 00:00 0 
7f247cf48000-7f247cff4000 r-xp 00000000 08:01 827972                     /usr/lib/libsoup-2.4.so.1.7.0
7f247cff4000-7f247d1f4000 ---p 000ac000 08:01 827972                     /usr/lib/libsoup-2.4.so.1.7.0
7f247d1f4000-7f247d1f6000 r--p 000ac000 08:01 827972                     /usr/lib/libsoup-2.4.so.1.7.0
7f247d1f6000-7f247d211000 rw-p 000ae000 08:01 827972                     /usr/lib/libsoup-2.4.so.1.7.0
7f247d211000-7f247d25e000 r-xp 00000000 08:01 840752                     /usr/lib/libsecret-1.so.0.0.0
7f247d25e000-7f247d45d000 ---p 0004d000 08:01 840752                     /usr/lib/libsecret-1.so.0.0.0
7f247d45d000-7f247d460000 r--p 0004c000 08:01 840752                     /usr/lib/libsecret-1.so.0.0.0
7f247d460000-7f247d461000 rw-p 0004f000 08:01 840752                     /usr/lib/libsecret-1.so.0.0.0
7f247d461000-7f247d462000 rw-p 00000000 00:00 0 
7f247d462000-7f247d4a5000 r-xp 00000000 08:01 811406                     /usr/lib/libjpeg.so.8.0.2
7f247d4a5000-7f247d6a5000 ---p 00043000 08:01 811406                     /usr/lib/libjpeg.so.8.0.2
7f247d6a5000-7f247d6a6000 r--p 00043000 08:01 811406                     /usr/lib/libjpeg.so.8.0.2
7f247d6a6000-7f247d6a7000 rw-p 00044000 08:01 811406                     /usr/lib/libjpeg.so.8.0.2
7f247d6a7000-7f247d6b7000 rw-p 00000000 00:00 0 
7f247d6b7000-7f247d7bf000 r-xp 00000000 08:01 842526                     /usr/lib/libgstreamer-1.0.so.0.400.0
7f247d7bf000-7f247d9be000 ---p 00108000 08:01 842526                     /usr/lib/libgstreamer-1.0.so.0.400.0
7f247d9be000-7f247d9c4000 r--p 00107000 08:01 842526                     /usr/lib/libgstreamer-1.0.so.0.400.0
7f247d9c4000-7f247d9c6000 rw-p 0010d000 08:01 842526                     /usr/lib/libgstreamer-1.0.so.0.400.0
7f247d9c6000-7f247d9c8000 rw-p 00000000 00:00 0 
7f247d9c8000-7f247da25000 r-xp 00000000 08:01 842527                     /usr/lib/libgstbase-1.0.so.0.400.0
7f247da25000-7f247dc25000 ---p 0005d000 08:01 842527                     /usr/lib/libgstbase-1.0.so.0.400.0
7f247dc25000-7f247dc26000 r--p 0005d000 08:01 842527                     /usr/lib/libgstbase-1.0.so.0.400.0
7f247dc26000-7f247dc27000 rw-p 0005e000 08:01 842527                     /usr/lib/libgstbase-1.0.so.0.400.0
7f247dc27000-7f247dc6d000 r-xp 00000000 08:01 842607                     /usr/lib/libgstvideo-1.0.so.0.400.0
7f247dc6d000-7f247de6d000 ---p 00046000 08:01 842607                     /usr/lib/libgstvideo-1.0.so.0.400.0
7f247de6d000-7f247de6f000 r--p 00046000 08:01 842607                     /usr/lib/libgstvideo-1.0.so.0.400.0
7f247de6f000-7f247de73000 rw-p 00048000 08:01 842607                     /usr/lib/libgstvideo-1.0.so.0.400.0
7f247de73000-7f247de74000 rw-p 00000000 00:00 0 
7f247de74000-7f247de99000 r-xp 00000000 08:01 842609                     /usr/lib/libgstpbutils-1.0.so.0.400.0
7f247de99000-7f247e099000 ---p 00025000 08:01 842609                     /usr/lib/libgstpbutils-1.0.so.0.400.0
7f247e099000-7f247e09b000 r--p 00025000 08:01 842609                     /usr/lib/libgstpbutils-1.0.so.0.400.0
7f247e09b000-7f247e09c000 rw-p 00027000 08:01 842609                     /usr/lib/libgstpbutils-1.0.so.0.400.0
7f247e09c000-7f247e0a5000 r-xp 00000000 08:01 842603                     /usr/lib/libgstfft-1.0.so.0.400.0
7f247e0a5000-7f247e2a4000 ---p 00009000 08:01 842603                     /usr/lib/libgstfft-1.0.so.0.400.0
7f247e2a4000-7f247e2a5000 r--p 00008000 08:01 842603                     /usr/lib/libgstfft-1.0.so.0.400.0
7f247e2a5000-7f247e2a6000 rw-p 00009000 08:01 842603                     /usr/lib/libgstfft-1.0.so.0.400.0
7f247e2a6000-7f247e2f2000 r-xp 00000000 08:01 842608                     /usr/lib/libgstaudio-1.0.so.0.400.0
7f247e2f2000-7f247e4f1000 ---p 0004c000 08:01 842608                     /usr/lib/libgstaudio-1.0.so.0.400.0
7f247e4f1000-7f247e4f3000 r--p 0004b000 08:01 842608                     /usr/lib/libgstaudio-1.0.so.0.400.0
7f247e4f3000-7f247e4f5000 rw-p 0004d000 08:01 842608                     /usr/lib/libgstaudio-1.0.so.0.400.0
7f247e4f5000-7f247e501000 r-xp 00000000 08:01 842611                     /usr/lib/libgstapp-1.0.so.0.400.0
7f247e501000-7f247e700000 ---p 0000c000 08:01 842611                     /usr/lib/libgstapp-1.0.so.0.400.0
7f247e700000-7f247e701000 r--p 0000b000 08:01 842611                     /usr/lib/libgstapp-1.0.so.0.400.0
7f247e701000-7f247e702000 rw-p 0000c000 08:01 842611                     /usr/lib/libgstapp-1.0.so.0.400.0
7f247e702000-7f247e704000 r-xp 00000000 08:01 818066                     /usr/lib/libharfbuzz-icu.so.0.935.0
7f247e704000-7f247e903000 ---p 00002000 08:01 818066                     /usr/lib/libharfbuzz-icu.so.0.935.0
7f247e903000-7f247e904000 r--p 00001000 08:01 818066                     /usr/lib/libharfbuzz-icu.so.0.935.0
7f247e904000-7f247e905000 rw-p 00002000 08:01 818066                     /usr/lib/libharfbuzz-icu.so.0.935.0
7f247e905000-7f247e910000 r-xp 00000000 08:01 821420                     /usr/lib/libenchant.so.1.6.0
7f247e910000-7f247eb0f000 ---p 0000b000 08:01 821420                     /usr/lib/libenchant.so.1.6.0
7f247eb0f000-7f247eb10000 r--p 0000a000 08:01 821420                     /usr/lib/libenchant.so.1.6.0
7f247eb10000-7f247eb11000 rw-p 0000b000 08:01 821420                     /usr/lib/libenchant.so.1.6.0
7f247eb11000-7f247f1cf000 r-xp 00000000 08:01 852126                     /usr/lib/libjavascriptcoregtk-1.0.so.0.16.12
7f247f1cf000-7f247f3ce000 ---p 006be000 08:01 852126                     /usr/lib/libjavascriptcoregtk-1.0.so.0.16.12
7f247f3ce000-7f247f3e5000 r--p 006bd000 08:01 852126                     /usr/lib/libjavascriptcoregtk-1.0.so.0.16.12
7f247f3e5000-7f247f3f1000 rw-p 006d4000 08:01 852126                     /usr/lib/libjavascriptcoregtk-1.0.so.0.16.12
7f247f3f1000-7f247f417000 rw-p 00000000 00:00 0 
7f247f417000-7f248134e000 r-xp 00000000 08:01 852127                     /usr/lib/libwebkitgtk-1.0.so.0.22.10
7f248134e000-7f248154e000 ---p 01f37000 08:01 852127                     /usr/lib/libwebkitgtk-1.0.so.0.22.10
7f248154e000-7f24816e2000 r--p 01f37000 08:01 852127                     /usr/lib/libwebkitgtk-1.0.so.0.22.10
7f24816e2000-7f24816fa000 rw-p 020cb000 08:01 852127                     /usr/lib/libwebkitgtk-1.0.so.0.22.10
7f24816fa000-7f2481703000 rw-p 00000000 00:00 0 
7f2481703000-7f2481714000 r-xp 00000000 08:02 2369334                    /home/alex/.swt/lib/linux/x86_64/libswt-webkit-gtk-4427.so
7f2481714000-7f2481914000 ---p 00011000 08:02 2369334                    /home/alex/.swt/lib/linux/x86_64/libswt-webkit-gtk-4427.so
7f2481914000-7f2481915000 rw-p 00011000 08:02 2369334                    /home/alex/.swt/lib/linux/x86_64/libswt-webkit-gtk-4427.so
7f2481915000-7f2481946000 r-xp 00000000 08:01 1056511                    /usr/lib/gtk-2.0/2.10.0/engines/libmurrine.so
7f2481946000-7f2481b45000 ---p 00031000 08:01 1056511                    /usr/lib/gtk-2.0/2.10.0/engines/libmurrine.so
7f2481b45000-7f2481b46000 r--p 00030000 08:01 1056511                    /usr/lib/gtk-2.0/2.10.0/engines/libmurrine.so
7f2481b46000-7f2481b47000 rw-p 00031000 08:01 1056511                    /usr/lib/gtk-2.0/2.10.0/engines/libmurrine.so
7f2481b47000-7f2481b4c000 r-xp 00000000 08:01 809179                     /usr/lib/libXxf86vm.so.1.0.0
7f2481b4c000-7f2481d4b000 ---p 00005000 08:01 809179                     /usr/lib/libXxf86vm.so.1.0.0
7f2481d4b000-7f2481d4c000 r--p 00004000 08:01 809179                     /usr/lib/libXxf86vm.so.1.0.0
7f2481d4c000-7f2481d4d000 rw-p 00005000 08:01 809179                     /usr/lib/libXxf86vm.so.1.0.0
7f2481d4d000-7f2481d4e000 r-xp 00000000 08:01 802442                     /usr/lib/libxshmfence.so.1.0.0
7f2481d4e000-7f2481f4e000 ---p 00001000 08:01 802442                     /usr/lib/libxshmfence.so.1.0.0
7f2481f4e000-7f2481f4f000 r--p 00001000 08:01 802442                     /usr/lib/libxshmfence.so.1.0.0
7f2481f4f000-7f2481f50000 rw-p 00002000 08:01 802442                     /usr/lib/libxshmfence.so.1.0.0
7f2481f50000-7f2481f55000 r-xp 00000000 08:01 842034                     /usr/lib/libxcb-sync.so.1.0.0
7f2481f55000-7f2482155000 ---p 00005000 08:01 842034                     /usr/lib/libxcb-sync.so.1.0.0
7f2482155000-7f2482156000 r--p 00005000 08:01 842034                     /usr/lib/libxcb-sync.so.1.0.0
7f2482156000-7f2482157000 rw-p 00006000 08:01 842034                     /usr/lib/libxcb-sync.so.1.0.0
7f2482157000-7f2482164000 r-xp 00000000 08:01 842042                     /usr/lib/libxcb-randr.so.0.1.0
7f2482164000-7f2482363000 ---p 0000d000 08:01 842042                     /usr/lib/libxcb-randr.so.0.1.0
7f2482363000-7f2482364000 r--p 0000c000 08:01 842042                     /usr/lib/libxcb-randr.so.0.1.0
7f2482364000-7f2482365000 rw-p 0000d000 08:01 842042                     /usr/lib/libxcb-randr.so.0.1.0
7f2482365000-7f2482367000 r-xp 00000000 08:01 842021                     /usr/lib/libxcb-present.so.0.0.0
7f2482367000-7f2482566000 ---p 00002000 08:01 842021                     /usr/lib/libxcb-present.so.0.0.0
7f2482566000-7f2482567000 r--p 00001000 08:01 842021                     /usr/lib/libxcb-present.so.0.0.0
7f2482567000-7f2482568000 rw-p 00002000 08:01 842021                     /usr/lib/libxcb-present.so.0.0.0
7f2482568000-7f248256a000 r-xp 00000000 08:01 841977                     /usr/lib/libxcb-dri3.so.0.0.0
7f248256a000-7f2482769000 ---p 00002000 08:01 841977                     /usr/lib/libxcb-dri3.so.0.0.0
7f2482769000-7f248276a000 r--p 00001000 08:01 841977                     /usr/lib/libxcb-dri3.so.0.0.0
7f248276a000-7f248276b000 rw-p 00002000 08:01 841977                     /usr/lib/libxcb-dri3.so.0.0.0
7f248276b000-7f2482782000 r-xp 00000000 08:01 841976                     /usr/lib/libxcb-glx.so.0.0.0
7f2482782000-7f2482982000 ---p 00017000 08:01 841976                     /usr/lib/libxcb-glx.so.0.0.0
7f2482982000-7f2482984000 r--p 00017000 08:01 841976                     /usr/lib/libxcb-glx.so.0.0.0
7f2482984000-7f2482985000 rw-p 00019000 08:01 841976                     /usr/lib/libxcb-glx.so.0.0.0
7f2482985000-7f2482991000 r-xp 00000000 08:01 804639                     /usr/lib/libdrm.so.2.4.0
7f2482991000-7f2482b90000 ---p 0000c000 08:01 804639                     /usr/lib/libdrm.so.2.4.0
7f2482b90000-7f2482b91000 r--p 0000b000 08:01 804639                     /usr/lib/libdrm.so.2.4.0
7f2482b91000-7f2482b92000 rw-p 0000c000 08:01 804639                     /usr/lib/libdrm.so.2.4.0
7f2482b92000-7f2482bb7000 r-xp 00000000 08:01 802489                     /usr/lib/libglapi.so.0.0.0
7f2482bb7000-7f2482db6000 ---p 00025000 08:01 802489                     /usr/lib/libglapi.so.0.0.0
7f2482db6000-7f2482db9000 r--p 00024000 08:01 802489                     /usr/lib/libglapi.so.0.0.0
7f2482db9000-7f2482dba000 rw-p 00027000 08:01 802489                     /usr/lib/libglapi.so.0.0.0
7f2482dba000-7f2482dbb000 rw-p 00000000 00:00 0 
7f2482dbb000-7f2482dca000 r-xp 00000000 08:01 809755                     /usr/lib/libwayland-server.so.0.1.0
7f2482dca000-7f2482fca000 ---p 0000f000 08:01 809755                     /usr/lib/libwayland-server.so.0.1.0
7f2482fca000-7f2482fcc000 r--p 0000f000 08:01 809755                     /usr/lib/libwayland-server.so.0.1.0
7f2482fcc000-7f2482fcd000 rw-p 00011000 08:01 809755                     /usr/lib/libwayland-server.so.0.1.0
7f2482fcd000-7f2482fd9000 r-xp 00000000 08:01 809756                     /usr/lib/libwayland-client.so.0.2.0
7f2482fd9000-7f24831d8000 ---p 0000c000 08:01 809756                     /usr/lib/libwayland-client.so.0.2.0
7f24831d8000-7f24831da000 r--p 0000b000 08:01 809756                     /usr/lib/libwayland-client.so.0.2.0
7f24831da000-7f24831db000 rw-p 0000d000 08:01 809756                     /usr/lib/libwayland-client.so.0.2.0
7f24831db000-7f24831e2000 r-xp 00000000 08:01 802488                     /usr/lib/libgbm.so.1.0.0
7f24831e2000-7f24833e1000 ---p 00007000 08:01 802488                     /usr/lib/libgbm.so.1.0.0
7f24833e1000-7f24833e2000 r--p 00006000 08:01 802488                     /usr/lib/libgbm.so.1.0.0
7f24833e2000-7f24833e3000 rw-p 00007000 08:01 802488                     /usr/lib/libgbm.so.1.0.0
7f24833e3000-7f24833e6000 r-xp 00000000 08:01 842001                     /usr/lib/libxcb-shape.so.0.0.0
7f24833e6000-7f24835e5000 ---p 00003000 08:01 842001                     /usr/lib/libxcb-shape.so.0.0.0
7f24835e5000-7f24835e6000 r--p 00002000 08:01 842001                     /usr/lib/libxcb-shape.so.0.0.0
7f24835e6000-7f24835e7000 rw-p 00003000 08:01 842001                     /usr/lib/libxcb-shape.so.0.0.0
7f24835e7000-7f24835ed000 r-xp 00000000 08:01 841967                     /usr/lib/libxcb-xfixes.so.0.0.0
7f24835ed000-7f24837ed000 ---p 00006000 08:01 841967                     /usr/lib/libxcb-xfixes.so.0.0.0
7f24837ed000-7f24837ee000 r--p 00006000 08:01 841967                     /usr/lib/libxcb-xfixes.so.0.0.0
7f24837ee000-7f24837ef000 rw-p 00007000 08:01 841967                     /usr/lib/libxcb-xfixes.so.0.0.0
7f24837ef000-7f24837f3000 r-xp 00000000 08:01 842018                     /usr/lib/libxcb-dri2.so.0.0.0
7f24837f3000-7f24839f2000 ---p 00004000 08:01 842018                     /usr/lib/libxcb-dri2.so.0.0.0
7f24839f2000-7f24839f3000 r--p 00003000 08:01 842018                     /usr/lib/libxcb-dri2.so.0.0.0
7f24839f3000-7f24839f4000 rw-p 00004000 08:01 842018                     /usr/lib/libxcb-dri2.so.0.0.0
7f24839f4000-7f24839f5000 r-xp 00000000 08:01 827549                     /usr/lib/libX11-xcb.so.1.0.0
7f24839f5000-7f2483bf4000 ---p 00001000 08:01 827549                     /usr/lib/libX11-xcb.so.1.0.0
7f2483bf4000-7f2483bf5000 r--p 00000000 08:01 827549                     /usr/lib/libX11-xcb.so.1.0.0
7f2483bf5000-7f2483bf6000 rw-p 00001000 08:01 827549                     /usr/lib/libX11-xcb.so.1.0.0
7f2483bf6000-7f2483bfb000 r-xp 00000000 08:01 804513                     /usr/lib/libXdmcp.so.6.0.0
7f2483bfb000-7f2483dfa000 ---p 00005000 08:01 804513                     /usr/lib/libXdmcp.so.6.0.0
7f2483dfa000-7f2483dfb000 r--p 00004000 08:01 804513                     /usr/lib/libXdmcp.so.6.0.0
7f2483dfb000-7f2483dfc000 rw-p 00005000 08:01 804513                     /usr/lib/libXdmcp.so.6.0.0
7f2483dfc000-7f2483dfe000 r-xp 00000000 08:01 804689                     /usr/lib/libXau.so.6.0.0
7f2483dfe000-7f2483ffe000 ---p 00002000 08:01 804689                     /usr/lib/libXau.so.6.0.0
7f2483ffe000-7f2483fff000 r--p 00002000 08:01 804689                     /usr/lib/libXau.so.6.0.0
7f2483fff000-7f2484000000 rw-p 00003000 08:01 804689                     /usr/lib/libXau.so.6.0.0
7f2484000000-7f2484021000 rw-p 00000000 00:00 0 
7f2484021000-7f2488000000 ---p 00000000 00:00 0 
7f2488009000-7f2488010000 ---p 00000000 00:00 0 
7f2488010000-7f2488020000 rw-p 00000000 00:00 0 
7f2488020000-7f2488030000 ---p 00000000 00:00 0 
7f2488030000-7f2488040000 rw-p 00000000 00:00 0 
7f2488040000-7f2488050000 ---p 00000000 00:00 0 
7f2488050000-7f2488060000 rw-p 00000000 00:00 0 
7f2488060000-7f2488066000 ---p 00000000 00:00 0 
7f2488066000-7f248811c000 r--p 00000000 08:01 12687                      /usr/share/fonts/TTF/DejaVuSans.ttf
7f248811c000-7f2488158000 r--s 00000000 08:01 275041                     /var/cache/fontconfig/f6b893a7224233d96cb72fd88691c0b4-le64.cache-4
7f2488158000-7f2488167000 r-xp 00000000 08:01 791226                     /usr/lib/libbz2.so.1.0.6
7f2488167000-7f2488366000 ---p 0000f000 08:01 791226                     /usr/lib/libbz2.so.1.0.6
7f2488366000-7f2488368000 rw-p 0000e000 08:01 791226                     /usr/lib/libbz2.so.1.0.6
7f2488368000-7f2488384000 r-xp 00000000 08:01 804570                     /usr/lib/libgraphite2.so.3.0.1
7f2488384000-7f2488583000 ---p 0001c000 08:01 804570                     /usr/lib/libgraphite2.so.3.0.1
7f2488583000-7f2488585000 r--p 0001b000 08:01 804570                     /usr/lib/libgraphite2.so.3.0.1
7f2488585000-7f2488586000 rw-p 0001d000 08:01 804570                     /usr/lib/libgraphite2.so.3.0.1
7f2488586000-7f24885ad000 r-xp 00000000 08:01 792385                     /usr/lib/libexpat.so.1.6.0
7f24885ad000-7f24887ad000 ---p 00027000 08:01 792385                     /usr/lib/libexpat.so.1.6.0
7f24887ad000-7f24887af000 r--p 00027000 08:01 792385                     /usr/lib/libexpat.so.1.6.0
7f24887af000-7f24887b0000 rw-p 00029000 08:01 792385                     /usr/lib/libexpat.so.1.6.0
7f24887b0000-7f248881c000 r-xp 00000000 08:01 843377                     /usr/lib/mesa/libGL.so.1.2.0
7f248881c000-7f2488a1b000 ---p 0006c000 08:01 843377                     /usr/lib/mesa/libGL.so.1.2.0
7f2488a1b000-7f2488a1e000 r--p 0006b000 08:01 843377                     /usr/lib/mesa/libGL.so.1.2.0
7f2488a1e000-7f2488a1f000 rw-p 0006e000 08:01 843377                     /usr/lib/mesa/libGL.so.1.2.0
7f2488a1f000-7f2488a20000 rw-p 00000000 00:00 0 
7f2488a20000-7f2488a29000 r-xp 00000000 08:01 841972                     /usr/lib/libxcb-render.so.0.0.0
7f2488a29000-7f2488c28000 ---p 00009000 08:01 841972                     /usr/lib/libxcb-render.so.0.0.0
7f2488c28000-7f2488c29000 r--p 00008000 08:01 841972                     /usr/lib/libxcb-render.so.0.0.0
7f2488c29000-7f2488c2a000 rw-p 00009000 08:01 841972                     /usr/lib/libxcb-render.so.0.0.0
7f2488c2a000-7f2488c2c000 r-xp 00000000 08:01 842015                     /usr/lib/libxcb-shm.so.0.0.0
7f2488c2c000-7f2488e2c000 ---p 00002000 08:01 842015                     /usr/lib/libxcb-shm.so.0.0.0
7f2488e2c000-7f2488e2d000 r--p 00002000 08:01 842015                     /usr/lib/libxcb-shm.so.0.0.0
7f2488e2d000-7f2488e2e000 rw-p 00003000 08:01 842015                     /usr/lib/libxcb-shm.so.0.0.0
7f2488e2e000-7f2488e63000 r-xp 00000000 08:01 810150                     /usr/lib/libpng16.so.16.12.0
7f2488e63000-7f2489062000 ---p 00035000 08:01 810150                     /usr/lib/libpng16.so.16.12.0
7f2489062000-7f2489063000 r--p 00034000 08:01 810150                     /usr/lib/libpng16.so.16.12.0
7f2489063000-7f2489064000 rw-p 00035000 08:01 810150                     /usr/lib/libpng16.so.16.12.0
7f2489064000-7f2489085000 r-xp 00000000 08:01 843378                     /usr/lib/mesa/libEGL.so.1.0.0
7f2489085000-7f2489285000 ---p 00021000 08:01 843378                     /usr/lib/mesa/libEGL.so.1.0.0
7f2489285000-7f2489286000 r--p 00021000 08:01 843378                     /usr/lib/mesa/libEGL.so.1.0.0
7f2489286000-7f2489287000 rw-p 00022000 08:01 843378                     /usr/lib/mesa/libEGL.so.1.0.0
7f2489287000-7f2489288000 rw-p 00000000 00:00 0 
7f2489288000-7f248932d000 r-xp 00000000 08:01 804686                     /usr/lib/libpixman-1.so.0.32.6
7f248932d000-7f248952c000 ---p 000a5000 08:01 804686                     /usr/lib/libpixman-1.so.0.32.6
7f248952c000-7f2489534000 r--p 000a4000 08:01 804686                     /usr/lib/libpixman-1.so.0.32.6
7f2489534000-7f2489535000 rw-p 000ac000 08:01 804686                     /usr/lib/libpixman-1.so.0.32.6
7f2489535000-7f2489556000 r-xp 00000000 08:01 842005                     /usr/lib/libxcb.so.1.1.0
7f2489556000-7f2489755000 ---p 00021000 08:01 842005                     /usr/lib/libxcb.so.1.1.0
7f2489755000-7f2489756000 r--p 00020000 08:01 842005                     /usr/lib/libxcb.so.1.1.0
7f2489756000-7f2489757000 rw-p 00021000 08:01 842005                     /usr/lib/libxcb.so.1.1.0
7f2489757000-7f24897fa000 r-xp 00000000 08:01 804566                     /usr/lib/libfreetype.so.6.11.2
7f24897fa000-7f24899f9000 ---p 000a3000 08:01 804566                     /usr/lib/libfreetype.so.6.11.2
7f24899f9000-7f24899ff000 r--p 000a2000 08:01 804566                     /usr/lib/libfreetype.so.6.11.2
7f24899ff000-7f2489a00000 rw-p 000a8000 08:01 804566                     /usr/lib/libfreetype.so.6.11.2
7f2489a00000-7f2489a56000 r-xp 00000000 08:01 810217                     /usr/lib/libharfbuzz.so.0.935.0
7f2489a56000-7f2489c55000 ---p 00056000 08:01 810217                     /usr/lib/libharfbuzz.so.0.935.0
7f2489c55000-7f2489c57000 r--p 00055000 08:01 810217                     /usr/lib/libharfbuzz.so.0.935.0
7f2489c57000-7f2489c58000 rw-p 00057000 08:01 810217                     /usr/lib/libharfbuzz.so.0.935.0
7f2489c58000-7f2489c5a000 r-xp 00000000 08:01 809814                     /usr/lib/libXdamage.so.1.1.0
7f2489c5a000-7f2489e59000 ---p 00002000 08:01 809814                     /usr/lib/libXdamage.so.1.1.0
7f2489e59000-7f2489e5a000 r--p 00001000 08:01 809814                     /usr/lib/libXdamage.so.1.1.0
7f2489e5a000-7f2489e5b000 rw-p 00002000 08:01 809814                     /usr/lib/libXdamage.so.1.1.0
7f2489e5b000-7f2489e5d000 r-xp 00000000 08:01 810263                     /usr/lib/libXcomposite.so.1.0.0
7f2489e5d000-7f248a05c000 ---p 00002000 08:01 810263                     /usr/lib/libXcomposite.so.1.0.0
7f248a05c000-7f248a05d000 r--p 00001000 08:01 810263                     /usr/lib/libXcomposite.so.1.0.0
7f248a05d000-7f248a05e000 rw-p 00002000 08:01 810263                     /usr/lib/libXcomposite.so.1.0.0
7f248a05e000-7f248a068000 r-xp 00000000 08:01 809727                     /usr/lib/libXcursor.so.1.0.2
7f248a068000-7f248a267000 ---p 0000a000 08:01 809727                     /usr/lib/libXcursor.so.1.0.2
7f248a267000-7f248a268000 r--p 00009000 08:01 809727                     /usr/lib/libXcursor.so.1.0.2
7f248a268000-7f248a269000 rw-p 0000a000 08:01 809727                     /usr/lib/libXcursor.so.1.0.2
7f248a269000-7f248a272000 r-xp 00000000 08:01 809630                     /usr/lib/libXrandr.so.2.2.0
7f248a272000-7f248a471000 ---p 00009000 08:01 809630                     /usr/lib/libXrandr.so.2.2.0
7f248a471000-7f248a472000 r--p 00008000 08:01 809630                     /usr/lib/libXrandr.so.2.2.0
7f248a472000-7f248a473000 rw-p 00009000 08:01 809630                     /usr/lib/libXrandr.so.2.2.0
7f248a473000-7f248a475000 r-xp 00000000 08:01 809654                     /usr/lib/libXinerama.so.1.0.0
7f248a475000-7f248a674000 ---p 00002000 08:01 809654                     /usr/lib/libXinerama.so.1.0.0
7f248a674000-7f248a675000 r--p 00001000 08:01 809654                     /usr/lib/libXinerama.so.1.0.0
7f248a675000-7f248a676000 rw-p 00002000 08:01 809654                     /usr/lib/libXinerama.so.1.0.0
7f248a676000-7f248a67f000 r-xp 00000000 08:01 809622                     /usr/lib/libXrender.so.1.3.0
7f248a67f000-7f248a87e000 ---p 00009000 08:01 809622                     /usr/lib/libXrender.so.1.3.0
7f248a87e000-7f248a87f000 r--p 00008000 08:01 809622                     /usr/lib/libXrender.so.1.3.0
7f248a87f000-7f248a880000 rw-p 00009000 08:01 809622                     /usr/lib/libXrender.so.1.3.0
7f248a880000-7f248a88f000 r-xp 00000000 08:01 809613                     /usr/lib/libXi.so.6.1.0
7f248a88f000-7f248aa8f000 ---p 0000f000 08:01 809613                     /usr/lib/libXi.so.6.1.0
7f248aa8f000-7f248aa90000 r--p 0000f000 08:01 809613                     /usr/lib/libXi.so.6.1.0
7f248aa90000-7f248aa91000 rw-p 00010000 08:01 809613                     /usr/lib/libXi.so.6.1.0
7f248aa91000-7f248aaa2000 r-xp 00000000 08:01 809149                     /usr/lib/libXext.so.6.4.0
7f248aaa2000-7f248aca1000 ---p 00011000 08:01 809149                     /usr/lib/libXext.so.6.4.0
7f248aca1000-7f248aca2000 r--p 00010000 08:01 809149                     /usr/lib/libXext.so.6.4.0
7f248aca2000-7f248aca3000 rw-p 00011000 08:01 809149                     /usr/lib/libXext.so.6.4.0
7f248aca3000-7f248acde000 r-xp 00000000 08:01 840159                     /usr/lib/libfontconfig.so.1.8.0
7f248acde000-7f248aedd000 ---p 0003b000 08:01 840159                     /usr/lib/libfontconfig.so.1.8.0
7f248aedd000-7f248aedf000 r--p 0003a000 08:01 840159                     /usr/lib/libfontconfig.so.1.8.0
7f248aedf000-7f248aee0000 rw-p 0003c000 08:01 840159                     /usr/lib/libfontconfig.so.1.8.0
7f248aee0000-7f248af29000 r-xp 00000000 08:01 828283                     /usr/lib/libpango-1.0.so.0.3600.6
7f248af29000-7f248b129000 ---p 00049000 08:01 828283                     /usr/lib/libpango-1.0.so.0.3600.6
7f248b129000-7f248b12b000 r--p 00049000 08:01 828283                     /usr/lib/libpango-1.0.so.0.3600.6
7f248b12b000-7f248b12c000 rw-p 0004b000 08:01 828283                     /usr/lib/libpango-1.0.so.0.3600.6
7f248b12c000-7f248b140000 r-xp 00000000 08:01 828284                     /usr/lib/libpangoft2-1.0.so.0.3600.6
7f248b140000-7f248b340000 ---p 00014000 08:01 828284                     /usr/lib/libpangoft2-1.0.so.0.3600.6
7f248b340000-7f248b341000 r--p 00014000 08:01 828284                     /usr/lib/libpangoft2-1.0.so.0.3600.6
7f248b341000-7f248b342000 rw-p 00015000 08:01 828284                     /usr/lib/libpangoft2-1.0.so.0.3600.6
7f248b342000-7f248b365000 r-xp 00000000 08:01 811816                     /usr/lib/libgdk_pixbuf-2.0.so.0.3000.8
7f248b365000-7f248b564000 ---p 00023000 08:01 811816                     /usr/lib/libgdk_pixbuf-2.0.so.0.3000.8
7f248b564000-7f248b565000 r--p 00022000 08:01 811816                     /usr/lib/libgdk_pixbuf-2.0.so.0.3000.8
7f248b565000-7f248b566000 rw-p 00023000 08:01 811816                     /usr/lib/libgdk_pixbuf-2.0.so.0.3000.8
7f248b566000-7f248b68c000 r-xp 00000000 08:01 810183                     /usr/lib/libcairo.so.2.11200.16
7f248b68c000-7f248b88c000 ---p 00126000 08:01 810183                     /usr/lib/libcairo.so.2.11200.16
7f248b88c000-7f248b88f000 r--p 00126000 08:01 810183                     /usr/lib/libcairo.so.2.11200.16
7f248b88f000-7f248b891000 rw-p 00129000 08:01 810183                     /usr/lib/libcairo.so.2.11200.16
7f248b891000-7f248b892000 rw-p 00000000 00:00 0 
7f248b892000-7f248b8b5000 r-xp 00000000 08:01 810123                     /usr/lib/libatk-1.0.so.0.21209.1
7f248b8b5000-7f248bab4000 ---p 00023000 08:01 810123                     /usr/lib/libatk-1.0.so.0.21209.1
7f248bab4000-7f248bab7000 r--p 00022000 08:01 810123                     /usr/lib/libatk-1.0.so.0.21209.1
7f248bab7000-7f248bab8000 rw-p 00025000 08:01 810123                     /usr/lib/libatk-1.0.so.0.21209.1
7f248bab8000-7f248babd000 r-xp 00000000 08:01 809687                     /usr/lib/libXfixes.so.3.1.0
7f248babd000-7f248bcbc000 ---p 00005000 08:01 809687                     /usr/lib/libXfixes.so.3.1.0
7f248bcbc000-7f248bcbd000 r--p 00004000 08:01 809687                     /usr/lib/libXfixes.so.3.1.0
7f248bcbd000-7f248bcbe000 rw-p 00005000 08:01 809687                     /usr/lib/libXfixes.so.3.1.0
7f248bcbe000-7f248bdf9000 r-xp 00000000 08:01 827548                     /usr/lib/libX11.so.6.3.0
7f248bdf9000-7f248bff8000 ---p 0013b000 08:01 827548                     /usr/lib/libX11.so.6.3.0
7f248bff8000-7f248bffa000 r--p 0013a000 08:01 827548                     /usr/lib/libX11.so.6.3.0
7f248bffa000-7f248bfff000 rw-p 0013c000 08:01 827548                     /usr/lib/libX11.so.6.3.0
7f248bfff000-7f248c000000 rw-p 00000000 00:00 0 
7f248c000000-7f248c021000 rw-p 00000000 00:00 0 
7f248c021000-7f2490000000 ---p 00000000 00:00 0 
7f2490000000-7f249002d000 rw-p 00000000 00:00 0 
7f249002d000-7f2494000000 ---p 00000000 00:00 0 
7f2494000000-7f2494021000 rw-p 00000000 00:00 0 
7f2494021000-7f2498000000 ---p 00000000 00:00 0 
7f2498000000-7f249802c000 rw-p 00000000 00:00 0 
7f249802c000-7f249c000000 ---p 00000000 00:00 0 
7f249c000000-7f249c021000 rw-p 00000000 00:00 0 
7f249c021000-7f24a0000000 ---p 00000000 00:00 0 
7f24a0000000-7f24a0021000 rw-p 00000000 00:00 0 
7f24a0021000-7f24a4000000 ---p 00000000 00:00 0 
7f24a4000000-7f24a4021000 rw-p 00000000 00:00 0 
7f24a4021000-7f24a8000000 ---p 00000000 00:00 0 
7f24a8000000-7f24a8021000 rw-p 00000000 00:00 0 
7f24a8021000-7f24ac000000 ---p 00000000 00:00 0 
7f24ac000000-7f24ac2c4000 rw-p 00000000 00:00 0 
7f24ac2c4000-7f24b0000000 ---p 00000000 00:00 0 
7f24b0000000-7f24b0021000 rw-p 00000000 00:00 0 
7f24b0021000-7f24b4000000 ---p 00000000 00:00 0 
7f24b4000000-7f24b4021000 rw-p 00000000 00:00 0 
7f24b4021000-7f24b8000000 ---p 00000000 00:00 0 
7f24b8000000-7f24b83a5000 rw-p 00000000 00:00 0 
7f24b83a5000-7f24bc000000 ---p 00000000 00:00 0 
7f24bc000000-7f24bc021000 rw-p 00000000 00:00 0 
7f24bc021000-7f24c0000000 ---p 00000000 00:00 0 
7f24c0000000-7f24c0021000 rw-p 00000000 00:00 0 
7f24c0021000-7f24c4000000 ---p 00000000 00:00 0 
7f24c4000000-7f24c4021000 rw-p 00000000 00:00 0 
7f24c4021000-7f24c8000000 ---p 00000000 00:00 0 
7f24c8000000-7f24c8010000 rw-p 00000000 00:00 0 
7f24c8010000-7f24c801f000 ---p 00000000 00:00 0 
7f24c801f000-7f24c802b000 r-xp 00000000 08:01 828286                     /usr/lib/libpangocairo-1.0.so.0.3600.6
7f24c802b000-7f24c822a000 ---p 0000c000 08:01 828286                     /usr/lib/libpangocairo-1.0.so.0.3600.6
7f24c822a000-7f24c822b000 r--p 0000b000 08:01 828286                     /usr/lib/libpangocairo-1.0.so.0.3600.6
7f24c822b000-7f24c822c000 rw-p 0000c000 08:01 828286                     /usr/lib/libpangocairo-1.0.so.0.3600.6
7f24c822c000-7f24c82dc000 r-xp 00000000 08:01 811857                     /usr/lib/libgdk-x11-2.0.so.0.2400.24
7f24c82dc000-7f24c84db000 ---p 000b0000 08:01 811857                     /usr/lib/libgdk-x11-2.0.so.0.2400.24
7f24c84db000-7f24c84df000 r--p 000af000 08:01 811857                     /usr/lib/libgdk-x11-2.0.so.0.2400.24
7f24c84df000-7f24c84e1000 rw-p 000b3000 08:01 811857                     /usr/lib/libgdk-x11-2.0.so.0.2400.24
7f24c84e1000-7f24c84e6000 r-xp 00000000 08:01 812872                     /usr/lib/libXtst.so.6.1.0
7f24c84e6000-7f24c86e5000 ---p 00005000 08:01 812872                     /usr/lib/libXtst.so.6.1.0
7f24c86e5000-7f24c86e6000 r--p 00004000 08:01 812872                     /usr/lib/libXtst.so.6.1.0
7f24c86e6000-7f24c86e7000 rw-p 00005000 08:01 812872                     /usr/lib/libXtst.so.6.1.0
7f24c86e7000-7f24c86e8000 r-xp 00000000 08:01 810355                     /usr/lib/libgthread-2.0.so.0.4000.0
7f24c86e8000-7f24c88e7000 ---p 00001000 08:01 810355                     /usr/lib/libgthread-2.0.so.0.4000.0
7f24c88e7000-7f24c88e8000 r--p 00000000 08:01 810355                     /usr/lib/libgthread-2.0.so.0.4000.0
7f24c88e8000-7f24c88e9000 rw-p 00001000 08:01 810355                     /usr/lib/libgthread-2.0.so.0.4000.0
7f24c88e9000-7f24c8d1e000 r-xp 00000000 08:01 811858                     /usr/lib/libgtk-x11-2.0.so.0.2400.24
7f24c8d1e000-7f24c8f1e000 ---p 00435000 08:01 811858                     /usr/lib/libgtk-x11-2.0.so.0.2400.24
7f24c8f1e000-7f24c8f25000 r--p 00435000 08:01 811858                     /usr/lib/libgtk-x11-2.0.so.0.2400.24
7f24c8f25000-7f24c8f29000 rw-p 0043c000 08:01 811858                     /usr/lib/libgtk-x11-2.0.so.0.2400.24
7f24c8f29000-7f24c8f2c000 rw-p 00000000 00:00 0 
7f24c8f2c000-7f24c8fa0000 r-xp 00000000 08:02 2366906                    /home/alex/.swt/lib/linux/x86_64/libswt-pi-gtk-4427.so
7f24c8fa0000-7f24c91a0000 ---p 00074000 08:02 2366906                    /home/alex/.swt/lib/linux/x86_64/libswt-pi-gtk-4427.so
7f24c91a0000-7f24c91a3000 rw-p 00074000 08:02 2366906                    /home/alex/.swt/lib/linux/x86_64/libswt-pi-gtk-4427.so
7f24c91a3000-7f24c91a5000 rw-p 00000000 00:00 0 
7f24c91a5000-7f24c9223000 r-xp 00000000 08:02 2366638                    /home/alex/.swt/lib/linux/x86_64/libswt-gtk-4427.so
7f24c9223000-7f24c9422000 ---p 0007e000 08:02 2366638                    /home/alex/.swt/lib/linux/x86_64/libswt-gtk-4427.so
7f24c9422000-7f24c942a000 rw-p 0007d000 08:02 2366638                    /home/alex/.swt/lib/linux/x86_64/libswt-gtk-4427.so
7f24c942a000-7f24c942c000 rw-p 00000000 00:00 0 
7f24c942c000-7f24c942f000 ---p 00000000 00:00 0 
7f24c942f000-7f24c952d000 rw-p 00000000 00:00 0 
7f24c952d000-7f24c9530000 ---p 00000000 00:00 0 
7f24c9530000-7f24c962e000 rw-p 00000000 00:00 0 
7f24c962e000-7f24c9631000 ---p 00000000 00:00 0 
7f24c9631000-7f24c972f000 rw-p 00000000 00:00 0 
7f24c972f000-7f24c9732000 ---p 00000000 00:00 0 
7f24c9732000-7f24c9830000 rw-p 00000000 00:00 0 
7f24c9830000-7f24c9833000 ---p 00000000 00:00 0 
7f24c9833000-7f24c9931000 rw-p 00000000 00:00 0 
7f24c9931000-7f24c9934000 ---p 00000000 00:00 0 
7f24c9934000-7f24c9a32000 rw-p 00000000 00:00 0 
7f24c9a32000-7f24c9a35000 ---p 00000000 00:00 0 
7f24c9a35000-7f24c9b33000 rw-p 00000000 00:00 0 
7f24c9b33000-7f24c9b36000 ---p 00000000 00:00 0 
7f24c9b36000-7f24c9c34000 rw-p 00000000 00:00 0 
7f24c9c34000-7f24c9c48000 r-xp 00000000 08:01 788123                     /usr/lib/libresolv-2.19.so
7f24c9c48000-7f24c9e47000 ---p 00014000 08:01 788123                     /usr/lib/libresolv-2.19.so
7f24c9e47000-7f24c9e48000 r--p 00013000 08:01 788123                     /usr/lib/libresolv-2.19.so
7f24c9e48000-7f24c9e49000 rw-p 00014000 08:01 788123                     /usr/lib/libresolv-2.19.so
7f24c9e49000-7f24c9e4b000 rw-p 00000000 00:00 0 
7f24c9e4b000-7f24c9eb4000 r-xp 00000000 08:01 792461                     /usr/lib/libpcre.so.1.2.3
7f24c9eb4000-7f24ca0b3000 ---p 00069000 08:01 792461                     /usr/lib/libpcre.so.1.2.3
7f24ca0b3000-7f24ca0b4000 r--p 00068000 08:01 792461                     /usr/lib/libpcre.so.1.2.3
7f24ca0b4000-7f24ca0b5000 rw-p 00069000 08:01 792461                     /usr/lib/libpcre.so.1.2.3
7f24ca0b5000-7f24ca0b8000 r-xp 00000000 08:01 798072                     /usr/lib/libgmodule-2.0.so.0.4000.0
7f24ca0b8000-7f24ca2b7000 ---p 00003000 08:01 798072                     /usr/lib/libgmodule-2.0.so.0.4000.0
7f24ca2b7000-7f24ca2b8000 r--p 00002000 08:01 798072                     /usr/lib/libgmodule-2.0.so.0.4000.0
7f24ca2b8000-7f24ca2b9000 rw-p 00003000 08:01 798072                     /usr/lib/libgmodule-2.0.so.0.4000.0
7f24ca2b9000-7f24ca2c0000 r-xp 00000000 08:01 792661                     /usr/lib/libffi.so.6.0.2
7f24ca2c0000-7f24ca4bf000 ---p 00007000 08:01 792661                     /usr/lib/libffi.so.6.0.2
7f24ca4bf000-7f24ca4c0000 r--p 00006000 08:01 792661                     /usr/lib/libffi.so.6.0.2
7f24ca4c0000-7f24ca4c1000 rw-p 00007000 08:01 792661                     /usr/lib/libffi.so.6.0.2
7f24ca4c1000-7f24ca5c6000 r-xp 00000000 08:01 793179                     /usr/lib/libglib-2.0.so.0.4000.0
7f24ca5c6000-7f24ca7c6000 ---p 00105000 08:01 793179                     /usr/lib/libglib-2.0.so.0.4000.0
7f24ca7c6000-7f24ca7c7000 r--p 00105000 08:01 793179                     /usr/lib/libglib-2.0.so.0.4000.0
7f24ca7c7000-7f24ca7c8000 rw-p 00106000 08:01 793179                     /usr/lib/libglib-2.0.so.0.4000.0
7f24ca7c8000-7f24ca7c9000 rw-p 00000000 00:00 0 
7f24ca7c9000-7f24ca817000 r-xp 00000000 08:01 815082                     /usr/lib/libgobject-2.0.so.0.4000.0
7f24ca817000-7f24caa17000 ---p 0004e000 08:01 815082                     /usr/lib/libgobject-2.0.so.0.4000.0
7f24caa17000-7f24caa18000 r--p 0004e000 08:01 815082                     /usr/lib/libgobject-2.0.so.0.4000.0
7f24caa18000-7f24caa19000 rw-p 0004f000 08:01 815082                     /usr/lib/libgobject-2.0.so.0.4000.0
7f24caa19000-7f24cab82000 r-xp 00000000 08:01 816867                     /usr/lib/libgio-2.0.so.0.4000.0
7f24cab82000-7f24cad82000 ---p 00169000 08:01 816867                     /usr/lib/libgio-2.0.so.0.4000.0
7f24cad82000-7f24cad86000 r--p 00169000 08:01 816867                     /usr/lib/libgio-2.0.so.0.4000.0
7f24cad86000-7f24cad88000 rw-p 0016d000 08:01 816867                     /usr/lib/libgio-2.0.so.0.4000.0
7f24cad88000-7f24cad8a000 rw-p 00000000 00:00 0 
7f24cad8d000-7f24cad95000 r--p 00000000 08:01 853885                     /usr/share/glib-2.0/schemas/gschemas.compiled
7f24cad95000-7f24cada3000 r-xp 00000000 08:01 841998                     /usr/lib/libudev.so.1.6.0
7f24cada3000-7f24cada4000 ---p 0000e000 08:01 841998                     /usr/lib/libudev.so.1.6.0
7f24cada4000-7f24cada5000 r--p 0000e000 08:01 841998                     /usr/lib/libudev.so.1.6.0
7f24cada5000-7f24cada6000 rw-p 0000f000 08:01 841998                     /usr/lib/libudev.so.1.6.0
7f24cada6000-7f24cada7000 ---p 00000000 00:00 0 
7f24cada7000-7f24cadaf000 rw-p 00000000 00:00 0 
7f24cadaf000-7f24cadb1000 ---p 00000000 00:00 0 
7f24cadb1000-7f24cadb9000 rw-p 00000000 00:00 0 
7f24cadb9000-7f24cadbb000 ---p 00000000 00:00 0 
7f24cadbb000-7f24cadc3000 rw-p 00000000 00:00 0 
7f24cadc3000-7f24cadc4000 ---p 00000000 00:00 0 
7f24cadc4000-7f24cadda000 r-xp 00000000 08:01 1052648                    /usr/lib/jvm/java-7-openjdk/jre/lib/amd64/libnet.so
7f24cadda000-7f24cafda000 ---p 00016000 08:01 1052648                    /usr/lib/jvm/java-7-openjdk/jre/lib/amd64/libnet.so
7f24cafda000-7f24cafdb000 rw-p 00016000 08:01 1052648                    /usr/lib/jvm/java-7-openjdk/jre/lib/amd64/libnet.so
7f24cafdb000-7f24cafeb000 r-xp 00000000 08:01 1052649                    /usr/lib/jvm/java-7-openjdk/jre/lib/amd64/libnio.so
7f24cafeb000-7f24cb1eb000 ---p 00010000 08:01 1052649                    /usr/lib/jvm/java-7-openjdk/jre/lib/amd64/libnio.so
7f24cb1eb000-7f24cb1ec000 rw-p 00010000 08:01 1052649                    /usr/lib/jvm/java-7-openjdk/jre/lib/amd64/libnio.so
7f24cb1ec000-7f24cb1f4000 r-xp 00000000 08:01 1052650                    /usr/lib/jvm/java-7-openjdk/jre/lib/amd64/libmanagement.so
7f24cb1f4000-7f24cb3f3000 ---p 00008000 08:01 1052650                    /usr/lib/jvm/java-7-openjdk/jre/lib/amd64/libmanagement.so
7f24cb3f3000-7f24cb3f4000 rw-p 00007000 08:01 1052650                    /usr/lib/jvm/java-7-openjdk/jre/lib/amd64/libmanagement.so
7f24cb3f4000-7f24cb3f5000 ---p 00000000 00:00 0 
7f24cb3f5000-7f24cb4f5000 rw-p 00000000 00:00 0 
7f24cb4f5000-7f24cb4f8000 ---p 00000000 00:00 0 
7f24cb4f8000-7f24cb5f6000 rw-p 00000000 00:00 0                          [stack:653]
7f24cb5f6000-7f24cb5f9000 ---p 00000000 00:00 0 
7f24cb5f9000-7f24cb6f7000 rw-p 00000000 00:00 0                          [stack:652]
7f24cb6f7000-7f24cb6fa000 ---p 00000000 00:00 0 
7f24cb6fa000-7f24cb7f8000 rw-p 00000000 00:00 0                          [stack:651]
7f24cb7f8000-7f24cb7fb000 ---p 00000000 00:00 0 
7f24cb7fb000-7f24cb8f9000 rw-p 00000000 00:00 0 
7f24cb8f9000-7f24cb8fc000 ---p 00000000 00:00 0 
7f24cb8fc000-7f24cb9fa000 rw-p 00000000 00:00 0                          [stack:649]
7f24cb9fa000-7f24cb9fd000 ---p 00000000 00:00 0 
7f24cb9fd000-7f24cbafb000 rw-p 00000000 00:00 0                          [stack:648]
7f24cbafb000-7f24cbafc000 ---p 00000000 00:00 0 
7f24cbafc000-7f24cc000000 rw-p 00000000 00:00 0                          [stack:647]
7f24cc000000-7f24cc021000 rw-p 00000000 00:00 0 
7f24cc021000-7f24d0000000 ---p 00000000 00:00 0 
7f24d0000000-7f24d0021000 rw-p 00000000 00:00 0 
7f24d0021000-7f24d4000000 ---p 00000000 00:00 0 
7f24d4000000-7f24d4021000 rw-p 00000000 00:00 0 
7f24d4021000-7f24d8000000 ---p 00000000 00:00 0 
7f24d8005000-7f24d8006000 ---p 00000000 00:00 0 
7f24d8006000-7f24d800e000 rw-p 00000000 00:00 0 
7f24d800e000-7f24d8010000 ---p 00000000 00:00 0 
7f24d8010000-7f24d8018000 rw-p 00000000 00:00 0 
7f24d8018000-7f24d8019000 ---p 00000000 00:00 0 
7f24d8019000-7f24d8032000 r--s 00000000 08:01 275038                     /var/cache/fontconfig/8d4af663993b81a124ee82e610bb31f9-le64.cache-4
7f24d8032000-7f24d8060000 r--s 00275000 08:02 3684129                    /home/alex/workspace/jaywallet/lib/jetty-all.jar
7f24d8060000-7f24dc000000 rw-p 00000000 00:00 0 
7f24dc000000-7f24dc021000 rw-p 00000000 00:00 0 
7f24dc021000-7f24e0000000 ---p 00000000 00:00 0 
7f24e0000000-7f24e0001000 r--p 00000000 08:02 2365736                    /home/alex/.config/dconf/user
7f24e0001000-7f24e000c000 r--s 00000000 08:01 275588                     /var/cache/fontconfig/d62e99ef547d1d24cdb1bd22ec1a2976-le64.cache-4
7f24e000c000-7f24e000f000 r--s 00015000 08:02 3684216                    /home/alex/workspace/jaywallet/lib/servlet-api-3.1.jar
7f24e000f000-7f24e004f000 r--s 00277000 08:02 3682551                    /home/alex/workspace/jaywallet/src/bcprov-jdk15on-151.jar
7f24e004f000-7f24e1000000 rw-p 00000000 00:00 0 
7f24e1000000-7f24e1270000 rwxp 00000000 00:00 0 
7f24e1270000-7f24e49ba000 rw-p 00000000 00:00 0 
7f24e49ba000-7f24e8000000 ---p 00000000 00:00 0 
7f24e8000000-7f24e8003000 r--s 00017000 08:01 1052147                    /usr/lib/jvm/java-7-openjdk/jre/lib/jce.jar
7f24e8003000-7f24e8018000 r--s 001bc000 08:02 3682539                    /home/alex/workspace/jaywallet/lib/swt-linux.jar
7f24e8018000-7f24e81c9000 r--s 01d21000 08:01 1052149                    /usr/lib/jvm/java-7-openjdk/jre/lib/rt.jar
7f24e81c9000-7f24e829a000 rw-p 00000000 00:00 0 
7f24e829a000-7f24e829b000 ---p 00000000 00:00 0 
7f24e829b000-7f24e839b000 rw-p 00000000 00:00 0                          [stack:646]
7f24e839b000-7f24e839c000 ---p 00000000 00:00 0 
7f24e839c000-7f24e849c000 rw-p 00000000 00:00 0                          [stack:645]
7f24e849c000-7f24e849d000 ---p 00000000 00:00 0 
7f24e849d000-7f24e859d000 rw-p 00000000 00:00 0                          [stack:644]
7f24e859d000-7f24e859e000 ---p 00000000 00:00 0 
7f24e859e000-7f24e86c5000 rw-p 00000000 00:00 0                          [stack:643]
7f24e86c5000-7f24e890e000 rw-p 00000000 00:00 0 
7f24e890e000-7f24e8919000 rw-p 00000000 00:00 0 
7f24e8919000-7f24e8961000 rw-p 00000000 00:00 0 
7f24e8961000-7f24e8988000 rw-p 00000000 00:00 0 
7f24e8988000-7f24e8bd0000 rw-p 00000000 00:00 0 
7f24e8bd0000-7f24e8be4000 rw-p 00000000 00:00 0 
7f24e8be4000-7f24e8d08000 rw-p 00000000 00:00 0 
7f24e8d08000-7f24e8d13000 rw-p 00000000 00:00 0 
7f24e8d13000-7f24e8dc9000 rw-p 00000000 00:00 0 
7f24e8dc9000-7f24e8dd1000 r-xp 00000000 08:01 1052647                    /usr/lib/jvm/java-7-openjdk/jre/lib/amd64/libzip.so
7f24e8dd1000-7f24e8fd0000 ---p 00008000 08:01 1052647                    /usr/lib/jvm/java-7-openjdk/jre/lib/amd64/libzip.so
7f24e8fd0000-7f24e8fd1000 rw-p 00007000 08:01 1052647                    /usr/lib/jvm/java-7-openjdk/jre/lib/amd64/libzip.so
7f24e8fd1000-7f24e8fdc000 r-xp 00000000 08:01 788222                     /usr/lib/libnss_files-2.19.so
7f24e8fdc000-7f24e91db000 ---p 0000b000 08:01 788222                     /usr/lib/libnss_files-2.19.so
7f24e91db000-7f24e91dc000 r--p 0000a000 08:01 788222                     /usr/lib/libnss_files-2.19.so
7f24e91dc000-7f24e91dd000 rw-p 0000b000 08:01 788222                     /usr/lib/libnss_files-2.19.so
7f24e91dd000-7f24e9209000 r-xp 00000000 08:01 1052646                    /usr/lib/jvm/java-7-openjdk/jre/lib/amd64/libjava.so
7f24e9209000-7f24e9408000 ---p 0002c000 08:01 1052646                    /usr/lib/jvm/java-7-openjdk/jre/lib/amd64/libjava.so
7f24e9408000-7f24e940a000 rw-p 0002b000 08:01 1052646                    /usr/lib/jvm/java-7-openjdk/jre/lib/amd64/libjava.so
7f24e940a000-7f24e9417000 r-xp 00000000 08:01 1052645                    /usr/lib/jvm/java-7-openjdk/jre/lib/amd64/libverify.so
7f24e9417000-7f24e9616000 ---p 0000d000 08:01 1052645                    /usr/lib/jvm/java-7-openjdk/jre/lib/amd64/libverify.so
7f24e9616000-7f24e9618000 rw-p 0000c000 08:01 1052645                    /usr/lib/jvm/java-7-openjdk/jre/lib/amd64/libverify.so
7f24e9618000-7f24e961f000 r-xp 00000000 08:01 788225                     /usr/lib/librt-2.19.so
7f24e961f000-7f24e981e000 ---p 00007000 08:01 788225                     /usr/lib/librt-2.19.so
7f24e981e000-7f24e981f000 r--p 00006000 08:01 788225                     /usr/lib/librt-2.19.so
7f24e981f000-7f24e9820000 rw-p 00007000 08:01 788225                     /usr/lib/librt-2.19.so
7f24e9820000-7f24e9836000 r-xp 00000000 08:01 823936                     /usr/lib/libgcc_s.so.1
7f24e9836000-7f24e9a35000 ---p 00016000 08:01 823936                     /usr/lib/libgcc_s.so.1
7f24e9a35000-7f24e9a36000 rw-p 00015000 08:01 823936                     /usr/lib/libgcc_s.so.1
7f24e9a36000-7f24e9b39000 r-xp 00000000 08:01 788078                     /usr/lib/libm-2.19.so
7f24e9b39000-7f24e9d38000 ---p 00103000 08:01 788078                     /usr/lib/libm-2.19.so
7f24e9d38000-7f24e9d39000 r--p 00102000 08:01 788078                     /usr/lib/libm-2.19.so
7f24e9d39000-7f24e9d3a000 rw-p 00103000 08:01 788078                     /usr/lib/libm-2.19.so
7f24e9d3a000-7f24e9e2a000 r-xp 00000000 08:01 840821                     /usr/lib/libstdc++.so.6.0.20
7f24e9e2a000-7f24ea02a000 ---p 000f0000 08:01 840821                     /usr/lib/libstdc++.so.6.0.20
7f24ea02a000-7f24ea032000 r--p 000f0000 08:01 840821                     /usr/lib/libstdc++.so.6.0.20
7f24ea032000-7f24ea034000 rw-p 000f8000 08:01 840821                     /usr/lib/libstdc++.so.6.0.20
7f24ea034000-7f24ea049000 rw-p 00000000 00:00 0 
7f24ea049000-7f24eab91000 r-xp 00000000 08:01 154305                     /usr/lib/jvm/java-7-openjdk/jre/lib/amd64/server/libjvm.so
7f24eab91000-7f24ead90000 ---p 00b48000 08:01 154305                     /usr/lib/jvm/java-7-openjdk/jre/lib/amd64/server/libjvm.so
7f24ead90000-7f24eae52000 rw-p 00b47000 08:01 154305                     /usr/lib/jvm/java-7-openjdk/jre/lib/amd64/server/libjvm.so
7f24eae52000-7f24eae7e000 rw-p 00000000 00:00 0 
7f24eae7e000-7f24eae93000 r-xp 00000000 08:01 791298                     /usr/lib/libz.so.1.2.8
7f24eae93000-7f24eb092000 ---p 00015000 08:01 791298                     /usr/lib/libz.so.1.2.8
7f24eb092000-7f24eb093000 r--p 00014000 08:01 791298                     /usr/lib/libz.so.1.2.8
7f24eb093000-7f24eb094000 rw-p 00015000 08:01 791298                     /usr/lib/libz.so.1.2.8
7f24eb094000-7f24eb238000 r-xp 00000000 08:01 788240                     /usr/lib/libc-2.19.so
7f24eb238000-7f24eb438000 ---p 001a4000 08:01 788240                     /usr/lib/libc-2.19.so
7f24eb438000-7f24eb43c000 r--p 001a4000 08:01 788240                     /usr/lib/libc-2.19.so
7f24eb43c000-7f24eb43e000 rw-p 001a8000 08:01 788240                     /usr/lib/libc-2.19.so
7f24eb43e000-7f24eb442000 rw-p 00000000 00:00 0 
7f24eb442000-7f24eb445000 r-xp 00000000 08:01 788145                     /usr/lib/libdl-2.19.so
7f24eb445000-7f24eb644000 ---p 00003000 08:01 788145                     /usr/lib/libdl-2.19.so
7f24eb644000-7f24eb645000 r--p 00002000 08:01 788145                     /usr/lib/libdl-2.19.so
7f24eb645000-7f24eb646000 rw-p 00003000 08:01 788145                     /usr/lib/libdl-2.19.so
7f24eb646000-7f24eb653000 r-xp 00000000 08:01 153134                     /usr/lib/jvm/java-7-openjdk/jre/lib/amd64/jli/libjli.so
7f24eb653000-7f24eb852000 ---p 0000d000 08:01 153134                     /usr/lib/jvm/java-7-openjdk/jre/lib/amd64/jli/libjli.so
7f24eb852000-7f24eb853000 rw-p 0000c000 08:01 153134                     /usr/lib/jvm/java-7-openjdk/jre/lib/amd64/jli/libjli.so
7f24eb853000-7f24eb86b000 r-xp 00000000 08:01 788267                     /usr/lib/libpthread-2.19.so
7f24eb86b000-7f24eba6b000 ---p 00018000 08:01 788267                     /usr/lib/libpthread-2.19.so
7f24eba6b000-7f24eba6c000 r--p 00018000 08:01 788267                     /usr/lib/libpthread-2.19.so
7f24eba6c000-7f24eba6d000 rw-p 00019000 08:01 788267                     /usr/lib/libpthread-2.19.so
7f24eba6d000-7f24eba71000 rw-p 00000000 00:00 0 
7f24eba71000-7f24eba92000 r-xp 00000000 08:01 788206                     /usr/lib/ld-2.19.so
7f24eba92000-7f24eba93000 r--s 00000000 00:21 20937242                   /run/user/1000/dconf/user
7f24eba93000-7f24eba94000 r--s 00005000 08:02 3682799                    /home/alex/workspace/jaywallet/lib/json-simple-1.1.1.jar
7f24eba94000-7f24ebb09000 rw-p 00000000 00:00 0 
7f24ebb09000-7f24ebb51000 rw-p 00000000 00:00 0 
7f24ebb51000-7f24ebb54000 ---p 00000000 00:00 0 
7f24ebb54000-7f24ebc56000 rw-p 00000000 00:00 0                          [stack:642]
7f24ebc56000-7f24ebc5b000 r--s 0004c000 08:01 1052151                    /usr/lib/jvm/java-7-openjdk/jre/lib/jsse.jar
7f24ebc5b000-7f24ebc5e000 r--s 0002e000 08:02 3684128                    /home/alex/workspace/jaywallet/lib/javax.servlet.jar
7f24ebc5e000-7f24ebc86000 rw-p 00000000 00:00 0 
7f24ebc86000-7f24ebc8e000 rw-s 00000000 00:1d 84466412                   /tmp/hsperfdata_alex/637 (deleted)
7f24ebc8e000-7f24ebc8f000 rw-p 00000000 00:00 0 
7f24ebc8f000-7f24ebc90000 ---p 00000000 00:00 0 
7f24ebc90000-7f24ebc91000 rw-p 00000000 00:00 0 
7f24ebc91000-7f24ebc92000 r--p 00020000 08:01 788206                     /usr/lib/ld-2.19.so
7f24ebc92000-7f24ebc93000 rw-p 00021000 08:01 788206                     /usr/lib/ld-2.19.so
7f24ebc93000-7f24ebc94000 rw-p 00000000 00:00 0 
7fff1d89d000-7fff1d8be000 rw-p 00000000 00:00 0                          [stack]
7fff1d973000-7fff1d975000 r-xp 00000000 00:00 0                          [vdso]
7fff1d975000-7fff1d977000 r--p 00000000 00:00 0                          [vvar]
ffffffffff600000-ffffffffff601000 r-xp 00000000 00:00 0                  [vsyscall]

VM Arguments:
jvm_args: -Dfile.encoding=ANSI_X3.4-1968 
java_command: jay.Jay
Launcher Type: SUN_STANDARD

Environment Variables:
JAVA_HOME=/usr/lib/jvm/java-default-runtime
PATH=/home/alex/Enthought/Canopy_64bit/User/bin:/home/alex/Enthought/Canopy_64bit/User/bin:/usr/local/sbin:/usr/local/bin:/usr/bin:/usr/bin/vendor_perl:/usr/bin/core_perl:/home/alex/extracts/todo:/home/alex/extracts/todo
LD_LIBRARY_PATH=:/opt/AMDAPP/lib/x86_64:/opt/AMDAPP/lib/x86
SHELL=/bin/bash
DISPLAY=:0.0

Signal Handlers:
SIGSEGV: [libjvm.so+0x97c220], sa_mask[0]=0x7ffbfeff, sa_flags=0x10000004
SIGBUS: [libjvm.so+0x97c220], sa_mask[0]=0x7ffbfeff, sa_flags=0x10000004
SIGFPE: [libjvm.so+0x7eab60], sa_mask[0]=0x7ffbfeff, sa_flags=0x10000004
SIGPIPE: SIG_IGN, sa_mask[0]=0x00001000, sa_flags=0x10000000
SIGXFSZ: [libjvm.so+0x7eab60], sa_mask[0]=0x7ffbfeff, sa_flags=0x10000004
SIGILL: [libjvm.so+0x7eab60], sa_mask[0]=0x7ffbfeff, sa_flags=0x10000004
SIGUSR1: SIG_DFL, sa_mask[0]=0x00000000, sa_flags=0x00000000
SIGUSR2: [libjvm.so+0x7ea9e0], sa_mask[0]=0x00000004, sa_flags=0x10000004
SIGHUP: [libjvm.so+0x7eabe0], sa_mask[0]=0x7ffbfeff, sa_flags=0x10000004
SIGINT: [libjvm.so+0x7eabe0], sa_mask[0]=0x7ffbfeff, sa_flags=0x10000004
SIGTERM: [libjvm.so+0x7eabe0], sa_mask[0]=0x7ffbfeff, sa_flags=0x10000004
SIGQUIT: [libjvm.so+0x7eabe0], sa_mask[0]=0x7ffbfeff, sa_flags=0x10000004
SIGTRAP: SIG_DFL, sa_mask[0]=0x00000000, sa_flags=0x00000000


---------------  S Y S T E M  ---------------

OS:Linux
uname:Linux 3.16.1-1-ARCH #1 SMP PREEMPT Thu Aug 14 07:40:19 CEST 2014 x86_64
libc:glibc 2.19 NPTL 2.19 
rlimit: STACK 8192k, CORE 0k, NPROC 29868, NOFILE 4096, AS infinity
load average:0.34 0.36 0.33

/proc/meminfo:
MemTotal:        7651892 kB
MemFree:         1462640 kB
MemAvailable:    2775804 kB
Buffers:          249252 kB
Cached:          1237132 kB
SwapCached:            0 kB
Active:          5354196 kB
Inactive:         548388 kB
Active(anon):    4420084 kB
Inactive(anon):    36616 kB
Active(file):     934112 kB
Inactive(file):   511772 kB
Unevictable:          16 kB
Mlocked:              16 kB
SwapTotal:             0 kB
SwapFree:              0 kB
Dirty:               228 kB
Writeback:             0 kB
AnonPages:       4416300 kB
Mapped:           412824 kB
Shmem:             40416 kB
Slab:             111448 kB
SReclaimable:      72444 kB
SUnreclaim:        39004 kB
KernelStack:       12608 kB
PageTables:        59140 kB
NFS_Unstable:          0 kB
Bounce:                0 kB
WritebackTmp:          0 kB
CommitLimit:     3825944 kB
Committed_AS:    9567292 kB
VmallocTotal:   34359738367 kB
VmallocUsed:      310136 kB
VmallocChunk:   34359331152 kB
HardwareCorrupted:     0 kB
AnonHugePages:   3080192 kB
HugePages_Total:       0
HugePages_Free:        0
HugePages_Rsvd:        0
HugePages_Surp:        0
Hugepagesize:       2048 kB
DirectMap4k:       60588 kB
DirectMap2M:     3596288 kB
DirectMap1G:     4194304 kB


CPU:total 4 (4 cores per cpu, 1 threads per core) family 18 model 1 stepping 0, cmov, cx8, fxsr, mmx, sse, sse2, sse3, popcnt, mmxext, 3dnowpref, lzcnt, sse4a, tsc, tscinvbit, tscinv

/proc/cpuinfo:
processor	: 0
vendor_id	: AuthenticAMD
cpu family	: 18
model		: 1
model name	: AMD A6-3620 APU with Radeon(tm) HD Graphics
stepping	: 0
microcode	: 0x3000027
cpu MHz		: 800.000
cache size	: 1024 KB
physical id	: 0
siblings	: 4
core id		: 0
cpu cores	: 4
apicid		: 0
initial apicid	: 0
fpu		: yes
fpu_exception	: yes
cpuid level	: 6
wp		: yes
flags		: fpu vme de pse tsc msr pae mce cx8 apic sep mtrr pge mca cmov pat pse36 clflush mmx fxsr sse sse2 ht syscall nx mmxext fxsr_opt pdpe1gb rdtscp lm 3dnowext 3dnow constant_tsc rep_good nopl nonstop_tsc extd_apicid aperfmperf pni monitor cx16 popcnt lahf_lm cmp_legacy svm extapic cr8_legacy abm sse4a misalignsse 3dnowprefetch osvw ibs skinit wdt arat cpb hw_pstate npt lbrv svm_lock nrip_save pausefilter
bogomips	: 4393.91
TLB size	: 1536 4K pages
clflush size	: 64
cache_alignment	: 64
address sizes	: 40 bits physical, 48 bits virtual
power management: ts ttp tm stc 100mhzsteps hwpstate cpb

processor	: 1
vendor_id	: AuthenticAMD
cpu family	: 18
model		: 1
model name	: AMD A6-3620 APU with Radeon(tm) HD Graphics
stepping	: 0
microcode	: 0x3000027
cpu MHz		: 800.000
cache size	: 1024 KB
physical id	: 0
siblings	: 4
core id		: 1
cpu cores	: 4
apicid		: 1
initial apicid	: 1
fpu		: yes
fpu_exception	: yes
cpuid level	: 6
wp		: yes
flags		: fpu vme de pse tsc msr pae mce cx8 apic sep mtrr pge mca cmov pat pse36 clflush mmx fxsr sse sse2 ht syscall nx mmxext fxsr_opt pdpe1gb rdtscp lm 3dnowext 3dnow constant_tsc rep_good nopl nonstop_tsc extd_apicid aperfmperf pni monitor cx16 popcnt lahf_lm cmp_legacy svm extapic cr8_legacy abm sse4a misalignsse 3dnowprefetch osvw ibs skinit wdt arat cpb hw_pstate npt lbrv svm_lock nrip_save pausefilter
bogomips	: 4393.91
TLB size	: 1536 4K pages
clflush size	: 64
cache_alignment	: 64
address sizes	: 40 bits physical, 48 bits virtual
power management: ts ttp tm stc 100mhzsteps hwpstate cpb

processor	: 2
vendor_id	: AuthenticAMD
cpu family	: 18
model		: 1
model name	: AMD A6-3620 APU with Radeon(tm) HD Graphics
stepping	: 0
microcode	: 0x3000027
cpu MHz		: 2200.000
cache size	: 1024 KB
physical id	: 0
siblings	: 4
core id		: 2
cpu cores	: 4
apicid		: 2
initial apicid	: 2
fpu		: yes
fpu_exception	: yes
cpuid level	: 6
wp		: yes
flags		: fpu vme de pse tsc msr pae mce cx8 apic sep mtrr pge mca cmov pat pse36 clflush mmx fxsr sse sse2 ht syscall nx mmxext fxsr_opt pdpe1gb rdtscp lm 3dnowext 3dnow constant_tsc rep_good nopl nonstop_tsc extd_apicid aperfmperf pni monitor cx16 popcnt lahf_lm cmp_legacy svm extapic cr8_legacy abm sse4a misalignsse 3dnowprefetch osvw ibs skinit wdt arat cpb hw_pstate npt lbrv svm_lock nrip_save pausefilter
bogomips	: 4393.91
TLB size	: 1536 4K pages
clflush size	: 64
cache_alignment	: 64
address sizes	: 40 bits physical, 48 bits virtual
power management: ts ttp tm stc 100mhzsteps hwpstate cpb

processor	: 3
vendor_id	: AuthenticAMD
cpu family	: 18
model		: 1
model name	: AMD A6-3620 APU with Radeon(tm) HD Graphics
stepping	: 0
microcode	: 0x3000027
cpu MHz		: 800.000
cache size	: 1024 KB
physical id	: 0
siblings	: 4
core id		: 3
cpu cores	: 4
apicid		: 3
initial apicid	: 3
fpu		: yes
fpu_exception	: yes
cpuid level	: 6
wp		: yes
flags		: fpu vme de pse tsc msr pae mce cx8 apic sep mtrr pge mca cmov pat pse36 clflush mmx fxsr sse sse2 ht syscall nx mmxext fxsr_opt pdpe1gb rdtscp lm 3dnowext 3dnow constant_tsc rep_good nopl nonstop_tsc extd_apicid aperfmperf pni monitor cx16 popcnt lahf_lm cmp_legacy svm extapic cr8_legacy abm sse4a misalignsse 3dnowprefetch osvw ibs skinit wdt arat cpb hw_pstate npt lbrv svm_lock nrip_save pausefilter
bogomips	: 4393.91
TLB size	: 1536 4K pages
clflush size	: 64
cache_alignment	: 64
address sizes	: 40 bits physical, 48 bits virtual
power management: ts ttp tm stc 100mhzsteps hwpstate cpb



Memory: 4k page, physical 7651892k(1462640k free), swap 0k(0k free)

vm_info: OpenJDK 64-Bit Server VM (24.65-b04) for linux-amd64 JRE (1.7.0_65-b32), built on Aug 30 2014 08:44:36 by "nobody" with gcc 4.9.1

time: Sun Oct  5 16:18:22 2014
elapsed time: 302 seconds

